[23:15:27.619] Global cache location '/home/zsucrilhos/.cache/typescript/4.1', safe file path '/home/zsucrilhos/Projects/mms/mms-frontend/node_modules/typescript/lib/typingSafeList.json', types map path /home/zsucrilhos/Projects/mms/mms-frontend/node_modules/typescript/lib/typesMap.json
[23:15:27.620] Processing cache location '/home/zsucrilhos/.cache/typescript/4.1'
[23:15:27.620] Trying to find '/home/zsucrilhos/.cache/typescript/4.1/package.json'...
[23:15:27.633] Loaded content of '/home/zsucrilhos/.cache/typescript/4.1/package.json': {"private":true,"dependencies":{"types-registry":"^0.1.524"},"devDependencies":{"@types/accepts":"^1.3.5","@types/ajv-errors":"^1.0.3","@types/ansi-styles":"^3.2.1","@types/anymatch":"^1.3.1","@types/argparse":"^2.0.5","@types/aria-query":"^4.2.0","@types/arr-diff":"^4.0.0","@types/arr-union":"^3.1.0","@types/array-unique":"^0.3.0","@types/array.prototype.flat":"^1.2.1","@types/array.prototype.flatmap":"^1.2.2","@types/asap":"^2.0.0","@types/asn1":"^0.2.0","@types/assert":"^1.5.2","@types/assert-plus":"^1.0.4","@types/async":"^3.2.5","@types/atob":"^2.1.2","@types/autoprefixer":"^9.7.2","@types/aws4":"^1.5.1","@types/babel-plugin-macros":"^2.8.4","@types/babel-plugin-syntax-jsx":"^6.18.0","@types/babylon":"^6.16.5","@types/balanced-match":"^1.0.1","@types/base64-js":"^1.3.0","@types/big.js":"^6.0.2","@types/bluebird":"^3.5.33","@types/bn.js":"^4.11.6","@types/body-parser":"^1.19.0","@types/bonjour":"^3.5.8","@types/brace-expansion":"^1.1.0","@types/braces":"^3.0.0","@types/brorand":"^1.0.30","@types/browserslist":"^4.8.0","@types/bser":"^2.0.0","@types/buffer-from":"^1.1.0","@types/buffer-xor":"^2.0.0","@types/bytes":"^3.1.0","@types/cacache":"^12.0.1","@types/caniuse-api":"^3.0.1","@types/caniuse-lite":"^1.0.0","@types/case-sensitive-paths-webpack-plugin":"^2.1.4","@types/caseless":"^0.12.2","@types/chardet":"^0.8.0","@types/check-types":"^7.3.1","@types/chownr":"^1.0.0","@types/ci-info":"^2.0.0","@types/cipher-base":"^1.0.0","@types/clean-css":"^4.2.3","@types/clone-deep":"^4.0.1","@types/co":"^4.6.2","@types/color":"^3.0.1","@types/color-convert":"^2.0.0","@types/color-name":"^1.1.1","@types/color-string":"^1.5.0","@types/combined-stream":"^1.0.2","@types/common-tags":"^1.8.0","@types/commondir":"^1.0.0","@types/component-emitter":"^1.2.10","@types/compose-function":"0.0.30","@types/compressible":"^2.0.0","@types/compression":"^1.7.0","@types/concat-map":"0.0.0","@types/concat-stream":"^1.6.0","@types/confusing-browser-globals":"^1.0.0","@types/connect-history-api-fallback":"^1.3.3","@types/contains-path":"^1.0.0","@types/content-disposition":"^0.5.3","@types/content-type":"^1.1.3","@types/convert-source-map":"^1.5.1","@types/cookie":"^0.4.0","@types/cookie-signature":"^1.0.3","@types/core-js":"^2.5.4","@types/create-hash":"^1.2.2","@types/create-hmac":"^1.1.0","@types/cross-spawn":"^6.0.2","@types/css":"0.0.31","@types/css-declaration-sorter":"^5.1.0","@types/css-tree":"^1.0.4","@types/cssesc":"^3.0.0","@types/cssnano":"^4.0.0","@types/csso":"^3.5.1","@types/cssom":"^0.4.1","@types/cssstyle":"^2.2.1","@types/d":"^1.0.0","@types/dashdash":"^1.14.0","@types/data-urls":"^2.0.0","@types/debug":"^4.1.5","@types/decode-uri-component":"^0.2.0","@types/dedent":"^0.7.0","@types/deep-equal":"^1.0.1","@types/default-gateway":"^3.0.1","@types/define-properties":"^1.1.3","@types/depd":"^1.1.32","@types/destroy":"^1.0.0","@types/detect-node":"^2.0.0","@types/diffie-hellman":"^5.0.0","@types/dir-glob":"^2.0.0","@types/doctrine":"0.0.3","@types/domexception":"^2.0.1","@types/domhandler":"^2.4.1","@types/domutils":"^1.7.3","@types/duplexify":"^3.6.0","@types/ee-first":"^1.1.0","@types/ejs":"^3.0.5","@types/elliptic":"^6.4.12","@types/encodeurl":"^1.0.0","@types/end-of-stream":"^1.4.0","@types/enhanced-resolve":"^3.0.6","@types/es-abstract":"^1.17.2","@types/es-to-primitive":"^1.2.4","@types/escape-html":"^1.0.0","@types/escodegen":"0.0.6","@types/eslint":"^7.2.6","@types/eslint-scope":"^3.7.0","@types/eslint-visitor-keys":"^1.0.0","@types/esprima":"^4.0.2","@types/esquery":"^1.0.1","@types/estraverse":"^5.1.0","@types/etag":"^1.8.0","@types/events":"^3.0.0","@types/eventsource":"^1.1.5","@types/exit":"^0.1.31","@types/express":"^4.17.9","@types/extend":"^3.0.1","@types/extsprintf":"^1.4.1","@types/fast-levenshtein":"0.0.1","@types/fb-watchman":"^2.0.0","@types/file-entry-cache":"^5.0.1","@types/file-loader":"^4.2.0","@types/finalhandler":"^1.1.0","@types/find-cache-dir":"^3.2.0","@types/flat-cache":"^2.0.0","@types/flush-write-stream":"^1.0.0","@types/follow-redirects":"^1.13.0","@types/forever-agent":"^0.6.0","@types/forwarded":"^0.1.0","@types/fresh":"^0.5.0","@types/from2":"^2.3.0","@types/fs-extra":"^9.0.6","@types/function-bind":"^1.1.6","@types/get-caller-file":"^1.0.0","@types/get-value":"^3.0.1","@types/getpass":"^0.1.0","@types/glob":"^7.1.3","@types/glob-parent":"^5.1.0","@types/global-modules":"^2.0.0","@types/global-prefix":"^3.0.0","@types/graceful-fs":"^4.1.4","@types/has":"^1.0.0","@types/has-symbols":"^1.0.0","@types/he":"^1.1.1","@types/hex-color-regex":"^1.1.0","@types/history":"^4.7.8","@types/hoist-non-react-statics":"^3.3.1","@types/hosted-git-info":"^3.0.1","@types/html-encoding-sniffer":"^2.0.1","@types/html-escaper":"^3.0.0","@types/html-minifier-terser":"^5.1.1","@types/htmlparser2":"^3.10.2","@types/http-errors":"^1.8.0","@types/http-proxy":"^1.17.4","@types/http-proxy-middleware":"^0.19.3","@types/hyphenate-style-name":"^1.0.0","@types/icss-utils":"^4.1.0","@types/iferr":"^1.0.2","@types/imurmurhash":"^0.1.1","@types/inherits":"0.0.30","@types/ini":"^1.3.30","@types/inquirer":"^7.3.1","@types/internal-slot":"^1.0.1","@types/invariant":"^2.2.34","@types/ip":"^1.1.0","@types/is-arguments":"^1.0.0","@types/is-buffer":"^2.0.0","@types/is-callable":"^1.1.0","@types/is-ci":"^2.0.0","@types/is-core-module":"^2.2.0","@types/is-date-object":"^1.0.1","@types/is-glob":"^4.0.1","@types/is-number":"^7.0.1","@types/is-regex":"^1.0.0","@types/is-typedarray":"^1.0.0","@types/is-windows":"^1.0.0","@types/isarray":"^2.0.0","@types/isexe":"^2.0.0","@types/isstream":"^0.1.0","@types/istanbul-lib-coverage":"^2.0.3","@types/istanbul-lib-instrument":"^1.7.4","@types/istanbul-lib-report":"^3.0.0","@types/istanbul-lib-source-maps":"^4.0.1","@types/istanbul-reports":"^3.0.0","@types/js-yaml":"^4.0.0","@types/jsbn":"^1.2.29","@types/jsdom":"^16.2.5","@types/jsesc":"^2.5.1","@types/json-parse-better-errors":"^1.0.0","@types/json-schema":"^7.0.6","@types/json-schema-traverse":"^0.4.0","@types/json-stringify-safe":"^5.0.0","@types/json3":"^3.3.2","@types/json5":"0.0.30","@types/jsonfile":"^6.0.0","@types/kind-of":"^6.0.0","@types/language-tags":"^1.0.0","@types/line-column":"^1.0.0","@types/loader-runner":"^2.2.3","@types/loader-utils":"^2.0.1","@types/lodash":"^4.14.167","@types/lodash.memoize":"^4.1.6","@types/lodash.sortby":"^4.7.6","@types/lodash.template":"^4.5.0","@types/lodash.uniq":"^4.5.6","@types/lru-cache":"^5.1.0","@types/lz-string":"^1.3.34","@types/media-typer":"^1.1.0","@types/memory-fs":"^0.3.2","@types/merge-deep":"^3.0.0","@types/merge-descriptors":"^1.0.1","@types/merge-stream":"^1.1.2","@types/merge2":"^1.3.0","@types/methods":"^1.1.1","@types/micromatch":"^4.0.1","@types/mime":"^2.0.3","@types/mime-db":"^1.43.0","@types/mime-types":"^2.1.0","@types/min-document":"^2.19.0","@types/min-indent":"^1.0.0","@types/mini-css-extract-plugin":"^1.2.2","@types/minimalistic-assert":"^1.0.1","@types/minimatch":"^3.0.3","@types/minimist":"^1.2.1","@types/minipass":"^2.2.0","@types/mkdirp":"^1.0.1","@types/move-concurrently":"^1.0.2","@types/ms":"^0.7.31","@types/mute-stream":"0.0.0","@types/natural-compare":"^1.4.0","@types/negotiator":"^0.6.1","@types/next-tick":"^1.0.0","@types/nice-try":"^2.1.0","@types/node-forge":"^0.9.6","@types/node-int64":"^0.4.29","@types/node-notifier":"^8.0.0","@types/normalize-package-data":"^2.4.0","@types/normalize-path":"^3.0.0","@types/num2fraction":"^1.2.0","@types/object-assign":"^4.0.30","@types/object-inspect":"^1.8.0","@types/object-keys":"^1.0.1","@types/object.fromentries":"^2.0.0","@types/object.getownpropertydescriptors":"^2.1.1","@types/object.pick":"^1.3.0","@types/on-finished":"^2.3.1","@types/on-headers":"^1.0.0","@types/once":"^1.4.0","@types/optimize-css-assets-webpack-plugin":"^5.0.1","@types/original":"^1.0.0","@types/os-tmpdir":"^1.0.0","@types/pako":"^1.0.1","@types/parallel-transform":"^1.1.0","@types/parse-json":"^4.0.0","@types/parse5":"^5.0.3","@types/parseurl":"^1.3.1","@types/pascalcase":"^1.0.0","@types/path-is-absolute":"^1.0.0","@types/path-is-inside":"^1.0.0","@types/path-parse":"^1.0.19","@types/pbkdf2":"^3.1.0","@types/picomatch":"^2.2.1","@types/pify":"^5.0.0","@types/postcss-calc":"^7.0.0","@types/postcss-custom-properties":"^9.1.0","@types/postcss-flexbugs-fixes":"^4.2.0","@types/postcss-focus-within":"^4.0.0","@types/postcss-gap-properties":"^2.0.0","@types/postcss-load-config":"^2.0.1","@types/postcss-modules-extract-imports":"^2.0.0","@types/postcss-modules-local-by-default":"^1.2.0","@types/postcss-modules-scope":"^1.1.0","@types/postcss-modules-values":"^3.0.0","@types/postcss-normalize":"^9.0.0","@types/postcss-preset-env":"^6.7.0","@types/postcss-safe-parser":"^4.0.0","@types/prelude-ls":"^1.1.29","@types/progress":"^2.0.3","@types/promise-inflight":"^1.0.0","@types/prompts":"^2.0.9","@types/prop-types":"^15.7.3","@types/proxy-addr":"^2.0.0","@types/psl":"^1.1.0","@types/pump":"^1.1.0","@types/pumpify":"^1.4.1","@types/punycode":"^2.1.0","@types/q":"^1.5.4","@types/qs":"^6.9.5","@types/querystringify":"^2.0.0","@types/raf":"^3.4.0","@types/randombytes":"^2.0.0","@types/range-parser":"^1.2.3","@types/react":"^17.0.0","@types/react-dev-utils":"^9.0.4","@types/react-dom":"^17.0.0","@types/react-input-mask":"^3.0.0","@types/react-is":"^17.0.0","@types/react-router":"^5.1.11","@types/react-router-dom":"^5.1.7","@types/react-transition-group":"^4.4.0","@types/readable-stream":"^2.3.9","@types/recursive-readdir":"^2.2.0","@types/regenerator-runtime":"^0.13.0","@types/relateurl":"^0.2.28","@types/repeat-element":"^1.1.0","@types/repeat-string":"^1.6.0","@types/request":"^2.48.5","@types/request-promise-native":"^1.0.17","@types/require-directory":"^2.1.1","@types/requires-port":"^1.0.0","@types/resolve":"^1.17.1","@types/retry":"^0.12.0","@types/rimraf":"^3.0.0","@types/ripemd160":"^2.0.0","@types/rsvp":"^4.0.3","@types/run-parallel":"^1.1.0","@types/safe-regex":"^1.1.2","@types/safer-buffer":"^2.1.0","@types/sane":"^2.0.0","@types/sass-loader":"^8.0.0","@types/sax":"^1.2.1","@types/scheduler":"^0.16.1","@types/semver":"^7.3.4","@types/send":"^0.14.5","@types/serialize-javascript":"^5.0.0","@types/serve-index":"^1.7.30","@types/serve-static":"^1.13.8","@types/set-value":"^2.0.0","@types/setimmediate":"^1.0.2","@types/sha.js":"^2.4.0","@types/shallowequal":"^1.1.1","@types/shebang-command":"^1.2.0","@types/shell-quote":"^1.7.0","@types/signal-exit":"^3.0.0","@types/slice-ansi":"^4.0.0","@types/sockjs":"^0.3.32","@types/sockjs-client":"^1.5.0","@types/source-list-map":"^0.1.2","@types/source-map-support":"^0.5.3","@types/spdx-correct":"^2.0.0","@types/spdx-expression-parse":"^3.0.0","@types/spdy":"^3.4.4","@types/sprintf":"^0.1.0","@types/sprintf-js":"^1.1.2","@types/sshpk":"^1.10.5","@types/ssri":"^7.1.0","@types/stack-utils":"^2.0.0","@types/statuses":"^2.0.0","@types/stream-each":"^1.2.0","@types/stream-shift":"^1.0.0","@types/strict-uri-encode":"^2.0.0","@types/string-natural-compare":"^3.0.0","@types/string.prototype.matchall":"^4.0.0","@types/stringify-object":"^3.3.0","@types/strip-comments":"^2.0.0","@types/styled-components":"^5.1.7","@types/supports-color":"^7.2.0","@types/svg-parser":"^2.0.1","@types/svgo":"^1.3.3","@types/symbol-tree":"^3.2.1","@types/table":"^6.0.0","@types/tapable":"^1.0.6","@types/tar":"^4.0.4","@types/terser-webpack-plugin":"^5.0.2","@types/testing-library__jest-dom":"^5.9.5","@types/text-table":"^0.2.1","@types/through":"0.0.30","@types/through2":"^2.0.36","@types/timsort":"^0.3.0","@types/tmp":"^0.2.0","@types/tough-cookie":"^4.0.0","@types/tryer":"^1.0.1","@types/type-check":"^0.3.27","@types/type-detect":"^4.0.1","@types/type-is":"^1.6.3","@types/uniq":"0.0.27","@types/unist":"^2.0.3","@types/universalify":"^1.0.0","@types/urix":"^0.1.0","@types/url-parse":"^1.4.3","@types/util-deprecate":"^1.0.0","@types/util.promisify":"^1.0.4","@types/utils-merge":"0.0.28","@types/uuid":"^8.3.0","@types/validate-npm-package-license":"^3.0.0","@types/vary":"^1.1.0","@types/verror":"^1.10.4","@types/w3c-xmlserializer":"^2.0.1","@types/warning":"^3.0.0","@types/watchpack":"^1.1.5","@types/webidl-conversions":"^6.1.0","@types/webpack":"^4.41.25","@types/webpack-dev-middleware":"^3.7.2","@types/webpack-dev-server":"^3.11.1","@types/webpack-manifest-plugin":"^3.0.3","@types/webpack-sources":"^2.1.0","@types/whatwg-encoding":"^1.0.0","@types/whatwg-mimetype":"^2.1.0","@types/whatwg-url":"^8.0.0","@types/which":"^2.0.0","@types/workbox-build":"^5.0.0","@types/workbox-sw":"^4.3.1","@types/workbox-webpack-plugin":"^5.1.5","@types/wrap-ansi":"^3.0.0","@types/write":"^2.0.0","@types/write-file-atomic":"^3.0.1","@types/ws":"^7.4.0","@types/xtend":"^4.0.3","@types/y18n":"^4.0.0","@types/yallist":"^3.0.1","@types/yargs":"^15.0.12","@types/yargs-parser":"^20.2.0"}}
[23:15:27.634] Loaded content of '/home/zsucrilhos/.cache/typescript/4.1/package-lock.json'
[23:15:27.648] Adding entry into typings cache: 'accepts' => '/home/zsucrilhos/.cache/typescript/4.1/node_modules/@types/accepts/index.d.ts'
[23:15:27.653] Adding entry into typings cache: 'ajv-errors' => '/home/zsucrilhos/.cache/typescript/4.1/node_modules/@types/ajv-errors/index.d.ts'
[23:15:27.658] Adding entry into typings cache: 'ansi-styles' => '/home/zsucrilhos/.cache/typescript/4.1/node_modules/ansi-styles/index.d.ts'
[23:15:27.668] Adding entry into typings cache: 'anymatch' => '/home/zsucrilhos/.cache/typescript/4.1/node_modules/@types/anymatch/index.d.ts'
[23:15:27.672] Adding entry into typings cache: 'argparse' => '/home/zsucrilhos/.cache/typescript/4.1/node_modules/@types/argparse/index.d.ts'
[23:15:27.675] Adding entry into typings cache: 'aria-query' => '/home/zsucrilhos/.cache/typescript/4.1/node_modules/@types/aria-query/index.d.ts'
[23:15:27.682] Adding entry into typings cache: 'arr-diff' => '/home/zsucrilhos/.cache/typescript/4.1/node_modules/@types/arr-diff/index.d.ts'
[23:15:27.690] Adding entry into typings cache: 'arr-union' => '/home/zsucrilhos/.cache/typescript/4.1/node_modules/@types/arr-union/index.d.ts'
[23:15:27.700] Adding entry into typings cache: 'array-unique' => '/home/zsucrilhos/.cache/typescript/4.1/node_modules/@types/array-unique/index.d.ts'
[23:15:27.703] Adding entry into typings cache: 'array.prototype.flat' => '/home/zsucrilhos/.cache/typescript/4.1/node_modules/@types/array.prototype.flat/index.d.ts'
[23:15:27.706] Adding entry into typings cache: 'array.prototype.flatmap' => '/home/zsucrilhos/.cache/typescript/4.1/node_modules/@types/array.prototype.flatmap/index.d.ts'
[23:15:27.708] Adding entry into typings cache: 'asap' => '/home/zsucrilhos/.cache/typescript/4.1/node_modules/@types/asap/index.d.ts'
[23:15:27.710] Adding entry into typings cache: 'asn1' => '/home/zsucrilhos/.cache/typescript/4.1/node_modules/@types/asn1/index.d.ts'
[23:15:27.713] Adding entry into typings cache: 'assert' => '/home/zsucrilhos/.cache/typescript/4.1/node_modules/@types/assert/index.d.ts'
[23:15:27.715] Adding entry into typings cache: 'assert-plus' => '/home/zsucrilhos/.cache/typescript/4.1/node_modules/@types/assert-plus/index.d.ts'
[23:15:27.718] Adding entry into typings cache: 'async' => '/home/zsucrilhos/.cache/typescript/4.1/node_modules/@types/async/index.d.ts'
[23:15:27.722] Adding entry into typings cache: 'atob' => '/home/zsucrilhos/.cache/typescript/4.1/node_modules/@types/atob/index.d.ts'
[23:15:27.725] Adding entry into typings cache: 'autoprefixer' => '/home/zsucrilhos/.cache/typescript/4.1/node_modules/@types/autoprefixer/index.d.ts'
[23:15:27.728] Adding entry into typings cache: 'aws4' => '/home/zsucrilhos/.cache/typescript/4.1/node_modules/@types/aws4/index.d.ts'
[23:15:27.731] Adding entry into typings cache: 'babel-plugin-macros' => '/home/zsucrilhos/.cache/typescript/4.1/node_modules/@types/babel-plugin-macros/index.d.ts'
[23:15:27.734] Adding entry into typings cache: 'babel-plugin-syntax-jsx' => '/home/zsucrilhos/.cache/typescript/4.1/node_modules/@types/babel-plugin-syntax-jsx/index.d.ts'
[23:15:27.737] Adding entry into typings cache: 'babylon' => '/home/zsucrilhos/.cache/typescript/4.1/node_modules/@types/babylon/index.d.ts'
[23:15:27.741] Adding entry into typings cache: 'balanced-match' => '/home/zsucrilhos/.cache/typescript/4.1/node_modules/@types/balanced-match/index.d.ts'
[23:15:27.744] Adding entry into typings cache: 'base64-js' => '/home/zsucrilhos/.cache/typescript/4.1/node_modules/@types/base64-js/index.d.ts'
[23:15:27.747] Adding entry into typings cache: 'big.js' => '/home/zsucrilhos/.cache/typescript/4.1/node_modules/@types/big.js/index.d.ts'
[23:15:27.749] Adding entry into typings cache: 'bluebird' => '/home/zsucrilhos/.cache/typescript/4.1/node_modules/@types/bluebird/index.d.ts'
[23:15:27.753] Adding entry into typings cache: 'bn.js' => '/home/zsucrilhos/.cache/typescript/4.1/node_modules/@types/bn.js/index.d.ts'
[23:15:27.756] Adding entry into typings cache: 'body-parser' => '/home/zsucrilhos/.cache/typescript/4.1/node_modules/@types/body-parser/index.d.ts'
[23:15:27.760] Adding entry into typings cache: 'bonjour' => '/home/zsucrilhos/.cache/typescript/4.1/node_modules/@types/bonjour/index.d.ts'
[23:15:27.763] Adding entry into typings cache: 'brace-expansion' => '/home/zsucrilhos/.cache/typescript/4.1/node_modules/@types/brace-expansion/index.d.ts'
[23:15:27.772] Adding entry into typings cache: 'braces' => '/home/zsucrilhos/.cache/typescript/4.1/node_modules/@types/braces/index.d.ts'
[23:15:27.774] Adding entry into typings cache: 'brorand' => '/home/zsucrilhos/.cache/typescript/4.1/node_modules/@types/brorand/index.d.ts'
[23:15:27.777] Adding entry into typings cache: 'browserslist' => '/home/zsucrilhos/.cache/typescript/4.1/node_modules/browserslist/index.d.ts'
[23:15:27.781] Adding entry into typings cache: 'bser' => '/home/zsucrilhos/.cache/typescript/4.1/node_modules/@types/bser/index.d.ts'
[23:15:27.784] Adding entry into typings cache: 'buffer-from' => '/home/zsucrilhos/.cache/typescript/4.1/node_modules/@types/buffer-from/index.d.ts'
[23:15:27.787] Adding entry into typings cache: 'buffer-xor' => '/home/zsucrilhos/.cache/typescript/4.1/node_modules/@types/buffer-xor/index.d.ts'
[23:15:27.791] Adding entry into typings cache: 'bytes' => '/home/zsucrilhos/.cache/typescript/4.1/node_modules/@types/bytes/index.d.ts'
[23:15:27.794] Adding entry into typings cache: 'cacache' => '/home/zsucrilhos/.cache/typescript/4.1/node_modules/@types/cacache/index.d.ts'
[23:15:27.796] Adding entry into typings cache: 'caniuse-api' => '/home/zsucrilhos/.cache/typescript/4.1/node_modules/@types/caniuse-api/index.d.ts'
[23:15:27.800] Adding entry into typings cache: 'caniuse-lite' => '/home/zsucrilhos/.cache/typescript/4.1/node_modules/@types/caniuse-lite/index.d.ts'
[23:15:27.802] Adding entry into typings cache: 'case-sensitive-paths-webpack-plugin' => '/home/zsucrilhos/.cache/typescript/4.1/node_modules/@types/case-sensitive-paths-webpack-plugin/index.d.ts'
[23:15:27.805] Adding entry into typings cache: 'caseless' => '/home/zsucrilhos/.cache/typescript/4.1/node_modules/@types/caseless/index.d.ts'
[23:15:27.807] Adding entry into typings cache: 'chardet' => '/home/zsucrilhos/.cache/typescript/4.1/node_modules/@types/chardet/index.d.ts'
[23:15:27.809] Adding entry into typings cache: 'check-types' => '/home/zsucrilhos/.cache/typescript/4.1/node_modules/@types/check-types/index.d.ts'
[23:15:27.810] Adding entry into typings cache: 'chownr' => '/home/zsucrilhos/.cache/typescript/4.1/node_modules/@types/chownr/index.d.ts'
[23:15:27.813] Adding entry into typings cache: 'ci-info' => '/home/zsucrilhos/.cache/typescript/4.1/node_modules/@types/ci-info/index.d.ts'
[23:15:27.814] Adding entry into typings cache: 'cipher-base' => '/home/zsucrilhos/.cache/typescript/4.1/node_modules/@types/cipher-base/index.d.ts'
[23:15:27.816] Adding entry into typings cache: 'clean-css' => '/home/zsucrilhos/.cache/typescript/4.1/node_modules/@types/clean-css/index.d.ts'
[23:15:27.819] Adding entry into typings cache: 'clone-deep' => '/home/zsucrilhos/.cache/typescript/4.1/node_modules/@types/clone-deep/index.d.ts'
[23:15:27.821] Adding entry into typings cache: 'co' => '/home/zsucrilhos/.cache/typescript/4.1/node_modules/@types/co/index.d.ts'
[23:15:27.823] Adding entry into typings cache: 'color' => '/home/zsucrilhos/.cache/typescript/4.1/node_modules/@types/color/index.d.ts'
[23:15:27.827] Adding entry into typings cache: 'color-convert' => '/home/zsucrilhos/.cache/typescript/4.1/node_modules/@types/color-convert/index.d.ts'
[23:15:27.832] Adding entry into typings cache: 'color-name' => '/home/zsucrilhos/.cache/typescript/4.1/node_modules/@types/color-name/index.d.ts'
[23:15:27.835] Adding entry into typings cache: 'color-string' => '/home/zsucrilhos/.cache/typescript/4.1/node_modules/@types/color-string/index.d.ts'
[23:15:27.839] Adding entry into typings cache: 'combined-stream' => '/home/zsucrilhos/.cache/typescript/4.1/node_modules/@types/combined-stream/index.d.ts'
[23:15:27.844] Adding entry into typings cache: 'common-tags' => '/home/zsucrilhos/.cache/typescript/4.1/node_modules/@types/common-tags/index.d.ts'
[23:15:27.847] Adding entry into typings cache: 'commondir' => '/home/zsucrilhos/.cache/typescript/4.1/node_modules/@types/commondir/index.d.ts'
[23:15:27.854] Adding entry into typings cache: 'component-emitter' => '/home/zsucrilhos/.cache/typescript/4.1/node_modules/@types/component-emitter/index.d.ts'
[23:15:27.856] Adding entry into typings cache: 'compose-function' => '/home/zsucrilhos/.cache/typescript/4.1/node_modules/@types/compose-function/index.d.ts'
[23:15:27.859] Adding entry into typings cache: 'compressible' => '/home/zsucrilhos/.cache/typescript/4.1/node_modules/@types/compressible/index.d.ts'
[23:15:27.861] Adding entry into typings cache: 'compression' => '/home/zsucrilhos/.cache/typescript/4.1/node_modules/@types/compression/index.d.ts'
[23:15:27.864] Adding entry into typings cache: 'concat-map' => '/home/zsucrilhos/.cache/typescript/4.1/node_modules/@types/concat-map/index.d.ts'
[23:15:27.865] Adding entry into typings cache: 'concat-stream' => '/home/zsucrilhos/.cache/typescript/4.1/node_modules/@types/concat-stream/index.d.ts'
[23:15:27.867] Adding entry into typings cache: 'confusing-browser-globals' => '/home/zsucrilhos/.cache/typescript/4.1/node_modules/@types/confusing-browser-globals/index.d.ts'
[23:15:27.868] Adding entry into typings cache: 'connect-history-api-fallback' => '/home/zsucrilhos/.cache/typescript/4.1/node_modules/@types/connect-history-api-fallback/index.d.ts'
[23:15:27.870] Adding entry into typings cache: 'contains-path' => '/home/zsucrilhos/.cache/typescript/4.1/node_modules/@types/contains-path/index.d.ts'
[23:15:27.872] Adding entry into typings cache: 'content-disposition' => '/home/zsucrilhos/.cache/typescript/4.1/node_modules/@types/content-disposition/index.d.ts'
[23:15:27.874] Adding entry into typings cache: 'content-type' => '/home/zsucrilhos/.cache/typescript/4.1/node_modules/@types/content-type/index.d.ts'
[23:15:27.879] Adding entry into typings cache: 'convert-source-map' => '/home/zsucrilhos/.cache/typescript/4.1/node_modules/@types/convert-source-map/index.d.ts'
[23:15:27.882] Adding entry into typings cache: 'cookie' => '/home/zsucrilhos/.cache/typescript/4.1/node_modules/@types/cookie/index.d.ts'
[23:15:27.883] Adding entry into typings cache: 'cookie-signature' => '/home/zsucrilhos/.cache/typescript/4.1/node_modules/@types/cookie-signature/index.d.ts'
[23:15:27.885] Adding entry into typings cache: 'core-js' => '/home/zsucrilhos/.cache/typescript/4.1/node_modules/@types/core-js/index.d.ts'
[23:15:27.887] Adding entry into typings cache: 'create-hash' => '/home/zsucrilhos/.cache/typescript/4.1/node_modules/@types/create-hash/index.d.ts'
[23:15:27.889] Adding entry into typings cache: 'create-hmac' => '/home/zsucrilhos/.cache/typescript/4.1/node_modules/@types/create-hmac/index.d.ts'
[23:15:27.890] Adding entry into typings cache: 'cross-spawn' => '/home/zsucrilhos/.cache/typescript/4.1/node_modules/@types/cross-spawn/index.d.ts'
[23:15:27.892] Adding entry into typings cache: 'css' => '/home/zsucrilhos/.cache/typescript/4.1/node_modules/@types/css/index.d.ts'
[23:15:27.894] Adding entry into typings cache: 'css-declaration-sorter' => '/home/zsucrilhos/.cache/typescript/4.1/node_modules/@types/css-declaration-sorter/index.d.ts'
[23:15:27.895] Adding entry into typings cache: 'css-tree' => '/home/zsucrilhos/.cache/typescript/4.1/node_modules/@types/css-tree/index.d.ts'
[23:15:27.898] Adding entry into typings cache: 'cssesc' => '/home/zsucrilhos/.cache/typescript/4.1/node_modules/@types/cssesc/index.d.ts'
[23:15:27.900] Adding entry into typings cache: 'cssnano' => '/home/zsucrilhos/.cache/typescript/4.1/node_modules/@types/cssnano/index.d.ts'
[23:15:27.902] Adding entry into typings cache: 'csso' => '/home/zsucrilhos/.cache/typescript/4.1/node_modules/@types/csso/index.d.ts'
[23:15:27.904] Adding entry into typings cache: 'cssom' => '/home/zsucrilhos/.cache/typescript/4.1/node_modules/@types/cssom/index.d.ts'
[23:15:27.906] Adding entry into typings cache: 'cssstyle' => '/home/zsucrilhos/.cache/typescript/4.1/node_modules/@types/cssstyle/index.d.ts'
[23:15:27.907] Adding entry into typings cache: 'd' => '/home/zsucrilhos/.cache/typescript/4.1/node_modules/@types/d/index.d.ts'
[23:15:27.909] Adding entry into typings cache: 'dashdash' => '/home/zsucrilhos/.cache/typescript/4.1/node_modules/@types/dashdash/index.d.ts'
[23:15:27.911] Adding entry into typings cache: 'data-urls' => '/home/zsucrilhos/.cache/typescript/4.1/node_modules/@types/data-urls/index.d.ts'
[23:15:27.915] Adding entry into typings cache: 'debug' => '/home/zsucrilhos/.cache/typescript/4.1/node_modules/@types/debug/index.d.ts'
[23:15:27.917] Adding entry into typings cache: 'decode-uri-component' => '/home/zsucrilhos/.cache/typescript/4.1/node_modules/@types/decode-uri-component/index.d.ts'
[23:15:27.918] Adding entry into typings cache: 'dedent' => '/home/zsucrilhos/.cache/typescript/4.1/node_modules/@types/dedent/index.d.ts'
[23:15:27.919] Adding entry into typings cache: 'deep-equal' => '/home/zsucrilhos/.cache/typescript/4.1/node_modules/@types/deep-equal/index.d.ts'
[23:15:27.920] Adding entry into typings cache: 'default-gateway' => '/home/zsucrilhos/.cache/typescript/4.1/node_modules/@types/default-gateway/index.d.ts'
[23:15:27.922] Adding entry into typings cache: 'define-properties' => '/home/zsucrilhos/.cache/typescript/4.1/node_modules/@types/define-properties/index.d.ts'
[23:15:27.924] Adding entry into typings cache: 'depd' => '/home/zsucrilhos/.cache/typescript/4.1/node_modules/@types/depd/index.d.ts'
[23:15:27.926] Adding entry into typings cache: 'destroy' => '/home/zsucrilhos/.cache/typescript/4.1/node_modules/@types/destroy/index.d.ts'
[23:15:27.927] Adding entry into typings cache: 'detect-node' => '/home/zsucrilhos/.cache/typescript/4.1/node_modules/@types/detect-node/index.d.ts'
[23:15:27.928] Adding entry into typings cache: 'diffie-hellman' => '/home/zsucrilhos/.cache/typescript/4.1/node_modules/@types/diffie-hellman/index.d.ts'
[23:15:27.930] Adding entry into typings cache: 'dir-glob' => '/home/zsucrilhos/.cache/typescript/4.1/node_modules/@types/dir-glob/index.d.ts'
[23:15:27.930] Adding entry into typings cache: 'doctrine' => '/home/zsucrilhos/.cache/typescript/4.1/node_modules/@types/doctrine/index.d.ts'
[23:15:27.932] Adding entry into typings cache: 'domexception' => '/home/zsucrilhos/.cache/typescript/4.1/node_modules/@types/domexception/index.d.ts'
[23:15:27.936] Adding entry into typings cache: 'domhandler' => '/home/zsucrilhos/.cache/typescript/4.1/node_modules/@types/domhandler/index.d.ts'
[23:15:27.937] Adding entry into typings cache: 'domutils' => '/home/zsucrilhos/.cache/typescript/4.1/node_modules/@types/domutils/index.d.ts'
[23:15:27.939] Adding entry into typings cache: 'duplexify' => '/home/zsucrilhos/.cache/typescript/4.1/node_modules/@types/duplexify/index.d.ts'
[23:15:27.940] Adding entry into typings cache: 'ee-first' => '/home/zsucrilhos/.cache/typescript/4.1/node_modules/@types/ee-first/index.d.ts'
[23:15:27.941] Adding entry into typings cache: 'ejs' => '/home/zsucrilhos/.cache/typescript/4.1/node_modules/@types/ejs/index.d.ts'
[23:15:27.942] Adding entry into typings cache: 'elliptic' => '/home/zsucrilhos/.cache/typescript/4.1/node_modules/@types/elliptic/index.d.ts'
[23:15:27.944] Adding entry into typings cache: 'encodeurl' => '/home/zsucrilhos/.cache/typescript/4.1/node_modules/@types/encodeurl/index.d.ts'
[23:15:27.945] Adding entry into typings cache: 'end-of-stream' => '/home/zsucrilhos/.cache/typescript/4.1/node_modules/@types/end-of-stream/index.d.ts'
[23:15:27.946] Adding entry into typings cache: 'enhanced-resolve' => '/home/zsucrilhos/.cache/typescript/4.1/node_modules/enhanced-resolve/types.d.ts'
[23:15:27.948] Adding entry into typings cache: 'es-abstract' => '/home/zsucrilhos/.cache/typescript/4.1/node_modules/@types/es-abstract/index.d.ts'
[23:15:27.949] Adding entry into typings cache: 'es-to-primitive' => '/home/zsucrilhos/.cache/typescript/4.1/node_modules/@types/es-to-primitive/index.d.ts'
[23:15:27.950] Adding entry into typings cache: 'escape-html' => '/home/zsucrilhos/.cache/typescript/4.1/node_modules/@types/escape-html/index.d.ts'
[23:15:27.951] Adding entry into typings cache: 'escodegen' => '/home/zsucrilhos/.cache/typescript/4.1/node_modules/@types/escodegen/index.d.ts'
[23:15:27.952] Adding entry into typings cache: 'eslint' => '/home/zsucrilhos/.cache/typescript/4.1/node_modules/@types/eslint/index.d.ts'
[23:15:27.956] Adding entry into typings cache: 'eslint-scope' => '/home/zsucrilhos/.cache/typescript/4.1/node_modules/@types/eslint-scope/index.d.ts'
[23:15:27.957] Adding entry into typings cache: 'eslint-visitor-keys' => '/home/zsucrilhos/.cache/typescript/4.1/node_modules/@types/eslint-visitor-keys/index.d.ts'
[23:15:27.959] Adding entry into typings cache: 'esprima' => '/home/zsucrilhos/.cache/typescript/4.1/node_modules/@types/esprima/index.d.ts'
[23:15:27.963] Adding entry into typings cache: 'esquery' => '/home/zsucrilhos/.cache/typescript/4.1/node_modules/@types/esquery/index.d.ts'
[23:15:27.965] Adding entry into typings cache: 'estraverse' => '/home/zsucrilhos/.cache/typescript/4.1/node_modules/@types/estraverse/index.d.ts'
[23:15:27.967] Adding entry into typings cache: 'etag' => '/home/zsucrilhos/.cache/typescript/4.1/node_modules/@types/etag/index.d.ts'
[23:15:27.970] Adding entry into typings cache: 'events' => '/home/zsucrilhos/.cache/typescript/4.1/node_modules/@types/events/index.d.ts'
[23:15:27.972] Adding entry into typings cache: 'eventsource' => '/home/zsucrilhos/.cache/typescript/4.1/node_modules/@types/eventsource/index.d.ts'
[23:15:27.973] Adding entry into typings cache: 'exit' => '/home/zsucrilhos/.cache/typescript/4.1/node_modules/@types/exit/index.d.ts'
[23:15:27.975] Adding entry into typings cache: 'express' => '/home/zsucrilhos/.cache/typescript/4.1/node_modules/@types/express/index.d.ts'
[23:15:27.976] Adding entry into typings cache: 'extend' => '/home/zsucrilhos/.cache/typescript/4.1/node_modules/@types/extend/index.d.ts'
[23:15:27.977] Adding entry into typings cache: 'extsprintf' => '/home/zsucrilhos/.cache/typescript/4.1/node_modules/@types/extsprintf/index.d.ts'
[23:15:27.978] Adding entry into typings cache: 'fast-levenshtein' => '/home/zsucrilhos/.cache/typescript/4.1/node_modules/@types/fast-levenshtein/index.d.ts'
[23:15:27.979] Adding entry into typings cache: 'fb-watchman' => '/home/zsucrilhos/.cache/typescript/4.1/node_modules/@types/fb-watchman/index.d.ts'
[23:15:27.980] Adding entry into typings cache: 'file-entry-cache' => '/home/zsucrilhos/.cache/typescript/4.1/node_modules/@types/file-entry-cache/index.d.ts'
[23:15:27.982] Adding entry into typings cache: 'file-loader' => '/home/zsucrilhos/.cache/typescript/4.1/node_modules/@types/file-loader/index.d.ts'
[23:15:27.983] Adding entry into typings cache: 'finalhandler' => '/home/zsucrilhos/.cache/typescript/4.1/node_modules/@types/finalhandler/index.d.ts'
[23:15:27.984] Adding entry into typings cache: 'find-cache-dir' => '/home/zsucrilhos/.cache/typescript/4.1/node_modules/@types/find-cache-dir/index.d.ts'
[23:15:27.985] Adding entry into typings cache: 'flat-cache' => '/home/zsucrilhos/.cache/typescript/4.1/node_modules/@types/flat-cache/index.d.ts'
[23:15:27.986] Adding entry into typings cache: 'flush-write-stream' => '/home/zsucrilhos/.cache/typescript/4.1/node_modules/@types/flush-write-stream/index.d.ts'
[23:15:27.987] Adding entry into typings cache: 'follow-redirects' => '/home/zsucrilhos/.cache/typescript/4.1/node_modules/@types/follow-redirects/index.d.ts'
[23:15:27.988] Adding entry into typings cache: 'forever-agent' => '/home/zsucrilhos/.cache/typescript/4.1/node_modules/@types/forever-agent/index.d.ts'
[23:15:27.989] Adding entry into typings cache: 'forwarded' => '/home/zsucrilhos/.cache/typescript/4.1/node_modules/@types/forwarded/index.d.ts'
[23:15:27.990] Adding entry into typings cache: 'fresh' => '/home/zsucrilhos/.cache/typescript/4.1/node_modules/@types/fresh/index.d.ts'
[23:15:27.992] Adding entry into typings cache: 'from2' => '/home/zsucrilhos/.cache/typescript/4.1/node_modules/@types/from2/index.d.ts'
[23:15:27.993] Adding entry into typings cache: 'fs-extra' => '/home/zsucrilhos/.cache/typescript/4.1/node_modules/@types/fs-extra/index.d.ts'
[23:15:27.994] Adding entry into typings cache: 'function-bind' => '/home/zsucrilhos/.cache/typescript/4.1/node_modules/@types/function-bind/index.d.ts'
[23:15:27.994] Adding entry into typings cache: 'get-caller-file' => '/home/zsucrilhos/.cache/typescript/4.1/node_modules/@types/get-caller-file/index.d.ts'
[23:15:27.996] Adding entry into typings cache: 'get-value' => '/home/zsucrilhos/.cache/typescript/4.1/node_modules/@types/get-value/index.d.ts'
[23:15:27.997] Adding entry into typings cache: 'getpass' => '/home/zsucrilhos/.cache/typescript/4.1/node_modules/@types/getpass/index.d.ts'
[23:15:27.998] Adding entry into typings cache: 'glob' => '/home/zsucrilhos/.cache/typescript/4.1/node_modules/@types/glob/index.d.ts'
[23:15:28.000] Adding entry into typings cache: 'glob-parent' => '/home/zsucrilhos/.cache/typescript/4.1/node_modules/@types/glob-parent/index.d.ts'
[23:15:28.001] Adding entry into typings cache: 'global-modules' => '/home/zsucrilhos/.cache/typescript/4.1/node_modules/@types/global-modules/index.d.ts'
[23:15:28.002] Adding entry into typings cache: 'global-prefix' => '/home/zsucrilhos/.cache/typescript/4.1/node_modules/@types/global-prefix/index.d.ts'
[23:15:28.004] Adding entry into typings cache: 'graceful-fs' => '/home/zsucrilhos/.cache/typescript/4.1/node_modules/@types/graceful-fs/index.d.ts'
[23:15:28.004] Adding entry into typings cache: 'has' => '/home/zsucrilhos/.cache/typescript/4.1/node_modules/@types/has/index.d.ts'
[23:15:28.006] Adding entry into typings cache: 'has-symbols' => '/home/zsucrilhos/.cache/typescript/4.1/node_modules/@types/has-symbols/index.d.ts'
[23:15:28.007] Adding entry into typings cache: 'he' => '/home/zsucrilhos/.cache/typescript/4.1/node_modules/@types/he/index.d.ts'
[23:15:28.008] Adding entry into typings cache: 'hex-color-regex' => '/home/zsucrilhos/.cache/typescript/4.1/node_modules/@types/hex-color-regex/index.d.ts'
[23:15:28.010] Adding entry into typings cache: 'history' => '/home/zsucrilhos/.cache/typescript/4.1/node_modules/@types/history/index.d.ts'
[23:15:28.012] Adding entry into typings cache: 'hoist-non-react-statics' => '/home/zsucrilhos/.cache/typescript/4.1/node_modules/@types/hoist-non-react-statics/index.d.ts'
[23:15:28.013] Adding entry into typings cache: 'hosted-git-info' => '/home/zsucrilhos/.cache/typescript/4.1/node_modules/@types/hosted-git-info/index.d.ts'
[23:15:28.014] Adding entry into typings cache: 'html-encoding-sniffer' => '/home/zsucrilhos/.cache/typescript/4.1/node_modules/@types/html-encoding-sniffer/index.d.ts'
[23:15:28.014] Adding entry into typings cache: 'html-escaper' => '/home/zsucrilhos/.cache/typescript/4.1/node_modules/@types/html-escaper/index.d.ts'
[23:15:28.015] Adding entry into typings cache: 'html-minifier-terser' => '/home/zsucrilhos/.cache/typescript/4.1/node_modules/@types/html-minifier-terser/index.d.ts'
[23:15:28.016] Adding entry into typings cache: 'htmlparser2' => '/home/zsucrilhos/.cache/typescript/4.1/node_modules/@types/htmlparser2/index.d.ts'
[23:15:28.017] Adding entry into typings cache: 'http-errors' => '/home/zsucrilhos/.cache/typescript/4.1/node_modules/@types/http-errors/index.d.ts'
[23:15:28.018] Adding entry into typings cache: 'http-proxy' => '/home/zsucrilhos/.cache/typescript/4.1/node_modules/@types/http-proxy/index.d.ts'
[23:15:28.019] Adding entry into typings cache: 'http-proxy-middleware' => '/home/zsucrilhos/.cache/typescript/4.1/node_modules/@types/http-proxy-middleware/index.d.ts'
[23:15:28.021] Adding entry into typings cache: 'hyphenate-style-name' => '/home/zsucrilhos/.cache/typescript/4.1/node_modules/@types/hyphenate-style-name/index.d.ts'
[23:15:28.023] Adding entry into typings cache: 'icss-utils' => '/home/zsucrilhos/.cache/typescript/4.1/node_modules/@types/icss-utils/index.d.ts'
[23:15:28.025] Adding entry into typings cache: 'iferr' => '/home/zsucrilhos/.cache/typescript/4.1/node_modules/@types/iferr/index.d.ts'
[23:15:28.026] Adding entry into typings cache: 'imurmurhash' => '/home/zsucrilhos/.cache/typescript/4.1/node_modules/@types/imurmurhash/index.d.ts'
[23:15:28.028] Adding entry into typings cache: 'inherits' => '/home/zsucrilhos/.cache/typescript/4.1/node_modules/@types/inherits/index.d.ts'
[23:15:28.029] Adding entry into typings cache: 'ini' => '/home/zsucrilhos/.cache/typescript/4.1/node_modules/@types/ini/index.d.ts'
[23:15:28.030] Adding entry into typings cache: 'inquirer' => '/home/zsucrilhos/.cache/typescript/4.1/node_modules/@types/inquirer/index.d.ts'
[23:15:28.032] Adding entry into typings cache: 'internal-slot' => '/home/zsucrilhos/.cache/typescript/4.1/node_modules/@types/internal-slot/index.d.ts'
[23:15:28.033] Adding entry into typings cache: 'invariant' => '/home/zsucrilhos/.cache/typescript/4.1/node_modules/@types/invariant/index.d.ts'
[23:15:28.034] Adding entry into typings cache: 'ip' => '/home/zsucrilhos/.cache/typescript/4.1/node_modules/@types/ip/index.d.ts'
[23:15:28.035] Adding entry into typings cache: 'is-arguments' => '/home/zsucrilhos/.cache/typescript/4.1/node_modules/@types/is-arguments/index.d.ts'
[23:15:28.037] Adding entry into typings cache: 'is-buffer' => '/home/zsucrilhos/.cache/typescript/4.1/node_modules/@types/is-buffer/index.d.ts'
[23:15:28.038] Adding entry into typings cache: 'is-callable' => '/home/zsucrilhos/.cache/typescript/4.1/node_modules/@types/is-callable/index.d.ts'
[23:15:28.039] Adding entry into typings cache: 'is-ci' => '/home/zsucrilhos/.cache/typescript/4.1/node_modules/@types/is-ci/index.d.ts'
[23:15:28.041] Adding entry into typings cache: 'is-core-module' => '/home/zsucrilhos/.cache/typescript/4.1/node_modules/@types/is-core-module/index.d.ts'
[23:15:28.042] Adding entry into typings cache: 'is-date-object' => '/home/zsucrilhos/.cache/typescript/4.1/node_modules/@types/is-date-object/index.d.ts'
[23:15:28.044] Adding entry into typings cache: 'is-glob' => '/home/zsucrilhos/.cache/typescript/4.1/node_modules/@types/is-glob/index.d.ts'
[23:15:28.045] Adding entry into typings cache: 'is-number' => '/home/zsucrilhos/.cache/typescript/4.1/node_modules/@types/is-number/index.d.ts'
[23:15:28.046] Adding entry into typings cache: 'is-regex' => '/home/zsucrilhos/.cache/typescript/4.1/node_modules/@types/is-regex/index.d.ts'
[23:15:28.047] Adding entry into typings cache: 'is-typedarray' => '/home/zsucrilhos/.cache/typescript/4.1/node_modules/@types/is-typedarray/index.d.ts'
[23:15:28.048] Adding entry into typings cache: 'is-windows' => '/home/zsucrilhos/.cache/typescript/4.1/node_modules/@types/is-windows/index.d.ts'
[23:15:28.051] Adding entry into typings cache: 'isarray' => '/home/zsucrilhos/.cache/typescript/4.1/node_modules/@types/isarray/index.d.ts'
[23:15:28.052] Adding entry into typings cache: 'isexe' => '/home/zsucrilhos/.cache/typescript/4.1/node_modules/@types/isexe/index.d.ts'
[23:15:28.053] Adding entry into typings cache: 'isstream' => '/home/zsucrilhos/.cache/typescript/4.1/node_modules/@types/isstream/index.d.ts'
[23:15:28.054] Adding entry into typings cache: 'istanbul-lib-coverage' => '/home/zsucrilhos/.cache/typescript/4.1/node_modules/@types/istanbul-lib-coverage/index.d.ts'
[23:15:28.054] Adding entry into typings cache: 'istanbul-lib-instrument' => '/home/zsucrilhos/.cache/typescript/4.1/node_modules/@types/istanbul-lib-instrument/index.d.ts'
[23:15:28.055] Adding entry into typings cache: 'istanbul-lib-report' => '/home/zsucrilhos/.cache/typescript/4.1/node_modules/@types/istanbul-lib-report/index.d.ts'
[23:15:28.056] Adding entry into typings cache: 'istanbul-lib-source-maps' => '/home/zsucrilhos/.cache/typescript/4.1/node_modules/@types/istanbul-lib-source-maps/index.d.ts'
[23:15:28.057] Adding entry into typings cache: 'istanbul-reports' => '/home/zsucrilhos/.cache/typescript/4.1/node_modules/@types/istanbul-reports/index.d.ts'
[23:15:28.058] Adding entry into typings cache: 'js-yaml' => '/home/zsucrilhos/.cache/typescript/4.1/node_modules/@types/js-yaml/index.d.ts'
[23:15:28.059] Adding entry into typings cache: 'jsbn' => '/home/zsucrilhos/.cache/typescript/4.1/node_modules/@types/jsbn/index.d.ts'
[23:15:28.060] Adding entry into typings cache: 'jsdom' => '/home/zsucrilhos/.cache/typescript/4.1/node_modules/@types/jsdom/index.d.ts'
[23:15:28.062] Adding entry into typings cache: 'jsesc' => '/home/zsucrilhos/.cache/typescript/4.1/node_modules/@types/jsesc/index.d.ts'
[23:15:28.064] Adding entry into typings cache: 'json-parse-better-errors' => '/home/zsucrilhos/.cache/typescript/4.1/node_modules/@types/json-parse-better-errors/index.d.ts'
[23:15:28.064] Adding entry into typings cache: 'json-schema' => '/home/zsucrilhos/.cache/typescript/4.1/node_modules/@types/json-schema/index.d.ts'
[23:15:28.065] Adding entry into typings cache: 'json-schema-traverse' => '/home/zsucrilhos/.cache/typescript/4.1/node_modules/json-schema-traverse/index.d.ts'
[23:15:28.066] Adding entry into typings cache: 'json-stringify-safe' => '/home/zsucrilhos/.cache/typescript/4.1/node_modules/@types/json-stringify-safe/index.d.ts'
[23:15:28.067] Adding entry into typings cache: 'json3' => '/home/zsucrilhos/.cache/typescript/4.1/node_modules/@types/json3/index.d.ts'
[23:15:28.068] Adding entry into typings cache: 'json5' => '/home/zsucrilhos/.cache/typescript/4.1/node_modules/@types/json5/index.d.ts'
[23:15:28.068] Adding entry into typings cache: 'jsonfile' => '/home/zsucrilhos/.cache/typescript/4.1/node_modules/@types/jsonfile/index.d.ts'
[23:15:28.070] Adding entry into typings cache: 'kind-of' => '/home/zsucrilhos/.cache/typescript/4.1/node_modules/@types/kind-of/index.d.ts'
[23:15:28.071] Adding entry into typings cache: 'language-tags' => '/home/zsucrilhos/.cache/typescript/4.1/node_modules/@types/language-tags/index.d.ts'
[23:15:28.072] Adding entry into typings cache: 'line-column' => '/home/zsucrilhos/.cache/typescript/4.1/node_modules/@types/line-column/index.d.ts'
[23:15:28.073] Adding entry into typings cache: 'loader-runner' => '/home/zsucrilhos/.cache/typescript/4.1/node_modules/@types/loader-runner/index.d.ts'
[23:15:28.074] Adding entry into typings cache: 'loader-utils' => '/home/zsucrilhos/.cache/typescript/4.1/node_modules/@types/loader-utils/index.d.ts'
[23:15:28.075] Adding entry into typings cache: 'lodash' => '/home/zsucrilhos/.cache/typescript/4.1/node_modules/@types/lodash/index.d.ts'
[23:15:28.076] Adding entry into typings cache: 'lodash.memoize' => '/home/zsucrilhos/.cache/typescript/4.1/node_modules/@types/lodash.memoize/index.d.ts'
[23:15:28.077] Adding entry into typings cache: 'lodash.sortby' => '/home/zsucrilhos/.cache/typescript/4.1/node_modules/@types/lodash.sortby/index.d.ts'
[23:15:28.078] Adding entry into typings cache: 'lodash.template' => '/home/zsucrilhos/.cache/typescript/4.1/node_modules/@types/lodash.template/index.d.ts'
[23:15:28.078] Adding entry into typings cache: 'lodash.uniq' => '/home/zsucrilhos/.cache/typescript/4.1/node_modules/@types/lodash.uniq/index.d.ts'
[23:15:28.081] Adding entry into typings cache: 'lru-cache' => '/home/zsucrilhos/.cache/typescript/4.1/node_modules/@types/lru-cache/index.d.ts'
[23:15:28.082] Adding entry into typings cache: 'lz-string' => '/home/zsucrilhos/.cache/typescript/4.1/node_modules/@types/lz-string/index.d.ts'
[23:15:28.083] Adding entry into typings cache: 'media-typer' => '/home/zsucrilhos/.cache/typescript/4.1/node_modules/@types/media-typer/index.d.ts'
[23:15:28.084] Adding entry into typings cache: 'memory-fs' => '/home/zsucrilhos/.cache/typescript/4.1/node_modules/@types/memory-fs/index.d.ts'
[23:15:28.085] Adding entry into typings cache: 'merge-deep' => '/home/zsucrilhos/.cache/typescript/4.1/node_modules/@types/merge-deep/index.d.ts'
[23:15:28.086] Adding entry into typings cache: 'merge-descriptors' => '/home/zsucrilhos/.cache/typescript/4.1/node_modules/@types/merge-descriptors/index.d.ts'
[23:15:28.087] Adding entry into typings cache: 'merge-stream' => '/home/zsucrilhos/.cache/typescript/4.1/node_modules/@types/merge-stream/index.d.ts'
[23:15:28.088] Adding entry into typings cache: 'merge2' => '/home/zsucrilhos/.cache/typescript/4.1/node_modules/@types/merge2/index.d.ts'
[23:15:28.089] Adding entry into typings cache: 'methods' => '/home/zsucrilhos/.cache/typescript/4.1/node_modules/@types/methods/index.d.ts'
[23:15:28.092] Adding entry into typings cache: 'micromatch' => '/home/zsucrilhos/.cache/typescript/4.1/node_modules/@types/micromatch/index.d.ts'
[23:15:28.093] Adding entry into typings cache: 'mime' => '/home/zsucrilhos/.cache/typescript/4.1/node_modules/@types/mime/index.d.ts'
[23:15:28.094] Adding entry into typings cache: 'mime-db' => '/home/zsucrilhos/.cache/typescript/4.1/node_modules/@types/mime-db/index.d.ts'
[23:15:28.095] Adding entry into typings cache: 'mime-types' => '/home/zsucrilhos/.cache/typescript/4.1/node_modules/@types/mime-types/index.d.ts'
[23:15:28.096] Adding entry into typings cache: 'min-document' => '/home/zsucrilhos/.cache/typescript/4.1/node_modules/@types/min-document/index.d.ts'
[23:15:28.097] Adding entry into typings cache: 'min-indent' => '/home/zsucrilhos/.cache/typescript/4.1/node_modules/@types/min-indent/index.d.ts'
[23:15:28.097] Adding entry into typings cache: 'mini-css-extract-plugin' => '/home/zsucrilhos/.cache/typescript/4.1/node_modules/@types/mini-css-extract-plugin/index.d.ts'
[23:15:28.098] Adding entry into typings cache: 'minimalistic-assert' => '/home/zsucrilhos/.cache/typescript/4.1/node_modules/@types/minimalistic-assert/index.d.ts'
[23:15:28.099] Adding entry into typings cache: 'minimatch' => '/home/zsucrilhos/.cache/typescript/4.1/node_modules/@types/minimatch/index.d.ts'
[23:15:28.099] Adding entry into typings cache: 'minimist' => '/home/zsucrilhos/.cache/typescript/4.1/node_modules/@types/minimist/index.d.ts'
[23:15:28.100] Adding entry into typings cache: 'minipass' => '/home/zsucrilhos/.cache/typescript/4.1/node_modules/@types/minipass/index.d.ts'
[23:15:28.101] Adding entry into typings cache: 'mkdirp' => '/home/zsucrilhos/.cache/typescript/4.1/node_modules/@types/mkdirp/index.d.ts'
[23:15:28.102] Adding entry into typings cache: 'move-concurrently' => '/home/zsucrilhos/.cache/typescript/4.1/node_modules/@types/move-concurrently/index.d.ts'
[23:15:28.103] Adding entry into typings cache: 'ms' => '/home/zsucrilhos/.cache/typescript/4.1/node_modules/@types/ms/index.d.ts'
[23:15:28.104] Adding entry into typings cache: 'mute-stream' => '/home/zsucrilhos/.cache/typescript/4.1/node_modules/@types/mute-stream/index.d.ts'
[23:15:28.105] Adding entry into typings cache: 'natural-compare' => '/home/zsucrilhos/.cache/typescript/4.1/node_modules/@types/natural-compare/index.d.ts'
[23:15:28.105] Adding entry into typings cache: 'negotiator' => '/home/zsucrilhos/.cache/typescript/4.1/node_modules/@types/negotiator/index.d.ts'
[23:15:28.106] Adding entry into typings cache: 'next-tick' => '/home/zsucrilhos/.cache/typescript/4.1/node_modules/@types/next-tick/index.d.ts'
[23:15:28.107] Adding entry into typings cache: 'nice-try' => '/home/zsucrilhos/.cache/typescript/4.1/node_modules/@types/nice-try/index.d.ts'
[23:15:28.108] Adding entry into typings cache: 'node-forge' => '/home/zsucrilhos/.cache/typescript/4.1/node_modules/@types/node-forge/index.d.ts'
[23:15:28.108] Adding entry into typings cache: 'node-int64' => '/home/zsucrilhos/.cache/typescript/4.1/node_modules/@types/node-int64/index.d.ts'
[23:15:28.109] Adding entry into typings cache: 'node-notifier' => '/home/zsucrilhos/.cache/typescript/4.1/node_modules/@types/node-notifier/index.d.ts'
[23:15:28.110] Adding entry into typings cache: 'normalize-package-data' => '/home/zsucrilhos/.cache/typescript/4.1/node_modules/@types/normalize-package-data/index.d.ts'
[23:15:28.112] Adding entry into typings cache: 'normalize-path' => '/home/zsucrilhos/.cache/typescript/4.1/node_modules/@types/normalize-path/index.d.ts'
[23:15:28.113] Adding entry into typings cache: 'num2fraction' => '/home/zsucrilhos/.cache/typescript/4.1/node_modules/@types/num2fraction/index.d.ts'
[23:15:28.113] Adding entry into typings cache: 'object-assign' => '/home/zsucrilhos/.cache/typescript/4.1/node_modules/@types/object-assign/index.d.ts'
[23:15:28.114] Adding entry into typings cache: 'object-inspect' => '/home/zsucrilhos/.cache/typescript/4.1/node_modules/@types/object-inspect/index.d.ts'
[23:15:28.115] Adding entry into typings cache: 'object-keys' => '/home/zsucrilhos/.cache/typescript/4.1/node_modules/@types/object-keys/index.d.ts'
[23:15:28.115] Adding entry into typings cache: 'object.fromentries' => '/home/zsucrilhos/.cache/typescript/4.1/node_modules/@types/object.fromentries/index.d.ts'
[23:15:28.116] Adding entry into typings cache: 'object.getownpropertydescriptors' => '/home/zsucrilhos/.cache/typescript/4.1/node_modules/@types/object.getownpropertydescriptors/index.d.ts'
[23:15:28.117] Adding entry into typings cache: 'object.pick' => '/home/zsucrilhos/.cache/typescript/4.1/node_modules/@types/object.pick/index.d.ts'
[23:15:28.118] Adding entry into typings cache: 'on-finished' => '/home/zsucrilhos/.cache/typescript/4.1/node_modules/@types/on-finished/index.d.ts'
[23:15:28.119] Adding entry into typings cache: 'on-headers' => '/home/zsucrilhos/.cache/typescript/4.1/node_modules/@types/on-headers/index.d.ts'
[23:15:28.119] Adding entry into typings cache: 'once' => '/home/zsucrilhos/.cache/typescript/4.1/node_modules/@types/once/index.d.ts'
[23:15:28.120] Adding entry into typings cache: 'optimize-css-assets-webpack-plugin' => '/home/zsucrilhos/.cache/typescript/4.1/node_modules/@types/optimize-css-assets-webpack-plugin/index.d.ts'
[23:15:28.122] Adding entry into typings cache: 'original' => '/home/zsucrilhos/.cache/typescript/4.1/node_modules/@types/original/index.d.ts'
[23:15:28.122] Adding entry into typings cache: 'os-tmpdir' => '/home/zsucrilhos/.cache/typescript/4.1/node_modules/@types/os-tmpdir/index.d.ts'
[23:15:28.123] Adding entry into typings cache: 'pako' => '/home/zsucrilhos/.cache/typescript/4.1/node_modules/@types/pako/index.d.ts'
[23:15:28.124] Adding entry into typings cache: 'parallel-transform' => '/home/zsucrilhos/.cache/typescript/4.1/node_modules/@types/parallel-transform/index.d.ts'
[23:15:28.125] Adding entry into typings cache: 'parse-json' => '/home/zsucrilhos/.cache/typescript/4.1/node_modules/@types/parse-json/index.d.ts'
[23:15:28.125] Adding entry into typings cache: 'parse5' => '/home/zsucrilhos/.cache/typescript/4.1/node_modules/@types/parse5/index.d.ts'
[23:15:28.126] Adding entry into typings cache: 'parseurl' => '/home/zsucrilhos/.cache/typescript/4.1/node_modules/@types/parseurl/index.d.ts'
[23:15:28.127] Adding entry into typings cache: 'pascalcase' => '/home/zsucrilhos/.cache/typescript/4.1/node_modules/@types/pascalcase/index.d.ts'
[23:15:28.128] Adding entry into typings cache: 'path-is-absolute' => '/home/zsucrilhos/.cache/typescript/4.1/node_modules/@types/path-is-absolute/index.d.ts'
[23:15:28.129] Adding entry into typings cache: 'path-is-inside' => '/home/zsucrilhos/.cache/typescript/4.1/node_modules/@types/path-is-inside/index.d.ts'
[23:15:28.130] Adding entry into typings cache: 'path-parse' => '/home/zsucrilhos/.cache/typescript/4.1/node_modules/@types/path-parse/index.d.ts'
[23:15:28.130] Adding entry into typings cache: 'pbkdf2' => '/home/zsucrilhos/.cache/typescript/4.1/node_modules/@types/pbkdf2/index.d.ts'
[23:15:28.131] Adding entry into typings cache: 'picomatch' => '/home/zsucrilhos/.cache/typescript/4.1/node_modules/@types/picomatch/index.d.ts'
[23:15:28.132] Adding entry into typings cache: 'pify' => '/home/zsucrilhos/.cache/typescript/4.1/node_modules/@types/pify/index.d.ts'
[23:15:28.132] Adding entry into typings cache: 'postcss-calc' => '/home/zsucrilhos/.cache/typescript/4.1/node_modules/@types/postcss-calc/index.d.ts'
[23:15:28.133] Adding entry into typings cache: 'postcss-custom-properties' => '/home/zsucrilhos/.cache/typescript/4.1/node_modules/@types/postcss-custom-properties/index.d.ts'
[23:15:28.134] Adding entry into typings cache: 'postcss-flexbugs-fixes' => '/home/zsucrilhos/.cache/typescript/4.1/node_modules/@types/postcss-flexbugs-fixes/index.d.ts'
[23:15:28.134] Adding entry into typings cache: 'postcss-focus-within' => '/home/zsucrilhos/.cache/typescript/4.1/node_modules/@types/postcss-focus-within/index.d.ts'
[23:15:28.135] Adding entry into typings cache: 'postcss-gap-properties' => '/home/zsucrilhos/.cache/typescript/4.1/node_modules/@types/postcss-gap-properties/index.d.ts'
[23:15:28.136] Adding entry into typings cache: 'postcss-load-config' => '/home/zsucrilhos/.cache/typescript/4.1/node_modules/@types/postcss-load-config/index.d.ts'
[23:15:28.137] Adding entry into typings cache: 'postcss-modules-extract-imports' => '/home/zsucrilhos/.cache/typescript/4.1/node_modules/@types/postcss-modules-extract-imports/index.d.ts'
[23:15:28.137] Adding entry into typings cache: 'postcss-modules-local-by-default' => '/home/zsucrilhos/.cache/typescript/4.1/node_modules/@types/postcss-modules-local-by-default/index.d.ts'
[23:15:28.138] Adding entry into typings cache: 'postcss-modules-scope' => '/home/zsucrilhos/.cache/typescript/4.1/node_modules/@types/postcss-modules-scope/index.d.ts'
[23:15:28.139] Adding entry into typings cache: 'postcss-modules-values' => '/home/zsucrilhos/.cache/typescript/4.1/node_modules/@types/postcss-modules-values/index.d.ts'
[23:15:28.140] Adding entry into typings cache: 'postcss-normalize' => '/home/zsucrilhos/.cache/typescript/4.1/node_modules/@types/postcss-normalize/index.d.ts'
[23:15:28.141] Adding entry into typings cache: 'postcss-preset-env' => '/home/zsucrilhos/.cache/typescript/4.1/node_modules/@types/postcss-preset-env/index.d.ts'
[23:15:28.142] Adding entry into typings cache: 'postcss-safe-parser' => '/home/zsucrilhos/.cache/typescript/4.1/node_modules/@types/postcss-safe-parser/index.d.ts'
[23:15:28.142] Adding entry into typings cache: 'prelude-ls' => '/home/zsucrilhos/.cache/typescript/4.1/node_modules/@types/prelude-ls/index.d.ts'
[23:15:28.143] Adding entry into typings cache: 'progress' => '/home/zsucrilhos/.cache/typescript/4.1/node_modules/@types/progress/index.d.ts'
[23:15:28.144] Adding entry into typings cache: 'promise-inflight' => '/home/zsucrilhos/.cache/typescript/4.1/node_modules/@types/promise-inflight/index.d.ts'
[23:15:28.144] Adding entry into typings cache: 'prompts' => '/home/zsucrilhos/.cache/typescript/4.1/node_modules/@types/prompts/index.d.ts'
[23:15:28.145] Adding entry into typings cache: 'prop-types' => '/home/zsucrilhos/.cache/typescript/4.1/node_modules/@types/prop-types/index.d.ts'
[23:15:28.146] Adding entry into typings cache: 'proxy-addr' => '/home/zsucrilhos/.cache/typescript/4.1/node_modules/@types/proxy-addr/index.d.ts'
[23:15:28.146] Adding entry into typings cache: 'psl' => '/home/zsucrilhos/.cache/typescript/4.1/node_modules/@types/psl/index.d.ts'
[23:15:28.147] Adding entry into typings cache: 'pump' => '/home/zsucrilhos/.cache/typescript/4.1/node_modules/@types/pump/index.d.ts'
[23:15:28.148] Adding entry into typings cache: 'pumpify' => '/home/zsucrilhos/.cache/typescript/4.1/node_modules/@types/pumpify/index.d.ts'
[23:15:28.149] Adding entry into typings cache: 'punycode' => '/home/zsucrilhos/.cache/typescript/4.1/node_modules/@types/punycode/index.d.ts'
[23:15:28.150] Adding entry into typings cache: 'q' => '/home/zsucrilhos/.cache/typescript/4.1/node_modules/@types/q/index.d.ts'
[23:15:28.151] Adding entry into typings cache: 'qs' => '/home/zsucrilhos/.cache/typescript/4.1/node_modules/@types/qs/index.d.ts'
[23:15:28.151] Adding entry into typings cache: 'querystringify' => '/home/zsucrilhos/.cache/typescript/4.1/node_modules/@types/querystringify/index.d.ts'
[23:15:28.152] Adding entry into typings cache: 'raf' => '/home/zsucrilhos/.cache/typescript/4.1/node_modules/@types/raf/index.d.ts'
[23:15:28.154] Adding entry into typings cache: 'randombytes' => '/home/zsucrilhos/.cache/typescript/4.1/node_modules/@types/randombytes/index.d.ts'
[23:15:28.154] Adding entry into typings cache: 'range-parser' => '/home/zsucrilhos/.cache/typescript/4.1/node_modules/@types/range-parser/index.d.ts'
[23:15:28.155] Adding entry into typings cache: 'react' => '/home/zsucrilhos/.cache/typescript/4.1/node_modules/@types/react/index.d.ts'
[23:15:28.157] Adding entry into typings cache: 'react-dev-utils' => '/home/zsucrilhos/.cache/typescript/4.1/node_modules/@types/react-dev-utils/index.d.ts'
[23:15:28.157] Adding entry into typings cache: 'react-dom' => '/home/zsucrilhos/.cache/typescript/4.1/node_modules/@types/react-dom/index.d.ts'
[23:15:28.158] Adding entry into typings cache: 'react-input-mask' => '/home/zsucrilhos/.cache/typescript/4.1/node_modules/@types/react-input-mask/index.d.ts'
[23:15:28.159] Adding entry into typings cache: 'react-is' => '/home/zsucrilhos/.cache/typescript/4.1/node_modules/@types/react-is/index.d.ts'
[23:15:28.160] Adding entry into typings cache: 'react-router' => '/home/zsucrilhos/.cache/typescript/4.1/node_modules/@types/react-router/index.d.ts'
[23:15:28.161] Adding entry into typings cache: 'react-router-dom' => '/home/zsucrilhos/.cache/typescript/4.1/node_modules/@types/react-router-dom/index.d.ts'
[23:15:28.162] Adding entry into typings cache: 'react-transition-group' => '/home/zsucrilhos/.cache/typescript/4.1/node_modules/@types/react-transition-group/index.d.ts'
[23:15:28.163] Adding entry into typings cache: 'readable-stream' => '/home/zsucrilhos/.cache/typescript/4.1/node_modules/@types/readable-stream/index.d.ts'
[23:15:28.164] Adding entry into typings cache: 'recursive-readdir' => '/home/zsucrilhos/.cache/typescript/4.1/node_modules/@types/recursive-readdir/index.d.ts'
[23:15:28.164] Adding entry into typings cache: 'regenerator-runtime' => '/home/zsucrilhos/.cache/typescript/4.1/node_modules/@types/regenerator-runtime/index.d.ts'
[23:15:28.165] Adding entry into typings cache: 'relateurl' => '/home/zsucrilhos/.cache/typescript/4.1/node_modules/@types/relateurl/index.d.ts'
[23:15:28.166] Adding entry into typings cache: 'repeat-element' => '/home/zsucrilhos/.cache/typescript/4.1/node_modules/@types/repeat-element/index.d.ts'
[23:15:28.168] Adding entry into typings cache: 'repeat-string' => '/home/zsucrilhos/.cache/typescript/4.1/node_modules/@types/repeat-string/index.d.ts'
[23:15:28.169] Adding entry into typings cache: 'request' => '/home/zsucrilhos/.cache/typescript/4.1/node_modules/@types/request/index.d.ts'
[23:15:28.170] Adding entry into typings cache: 'request-promise-native' => '/home/zsucrilhos/.cache/typescript/4.1/node_modules/@types/request-promise-native/index.d.ts'
[23:15:28.170] Adding entry into typings cache: 'require-directory' => '/home/zsucrilhos/.cache/typescript/4.1/node_modules/@types/require-directory/index.d.ts'
[23:15:28.171] Adding entry into typings cache: 'requires-port' => '/home/zsucrilhos/.cache/typescript/4.1/node_modules/@types/requires-port/index.d.ts'
[23:15:28.172] Adding entry into typings cache: 'resolve' => '/home/zsucrilhos/.cache/typescript/4.1/node_modules/@types/resolve/index.d.ts'
[23:15:28.173] Adding entry into typings cache: 'retry' => '/home/zsucrilhos/.cache/typescript/4.1/node_modules/@types/retry/index.d.ts'
[23:15:28.173] Adding entry into typings cache: 'rimraf' => '/home/zsucrilhos/.cache/typescript/4.1/node_modules/@types/rimraf/index.d.ts'
[23:15:28.174] Adding entry into typings cache: 'ripemd160' => '/home/zsucrilhos/.cache/typescript/4.1/node_modules/@types/ripemd160/index.d.ts'
[23:15:28.175] Adding entry into typings cache: 'rsvp' => '/home/zsucrilhos/.cache/typescript/4.1/node_modules/@types/rsvp/index.d.ts'
[23:15:28.175] Adding entry into typings cache: 'run-parallel' => '/home/zsucrilhos/.cache/typescript/4.1/node_modules/@types/run-parallel/index.d.ts'
[23:15:28.177] Adding entry into typings cache: 'safe-regex' => '/home/zsucrilhos/.cache/typescript/4.1/node_modules/@types/safe-regex/index.d.ts'
[23:15:28.178] Adding entry into typings cache: 'safer-buffer' => '/home/zsucrilhos/.cache/typescript/4.1/node_modules/@types/safer-buffer/index.d.ts'
[23:15:28.178] Adding entry into typings cache: 'sane' => '/home/zsucrilhos/.cache/typescript/4.1/node_modules/@types/sane/index.d.ts'
[23:15:28.179] Adding entry into typings cache: 'sass-loader' => '/home/zsucrilhos/.cache/typescript/4.1/node_modules/@types/sass-loader/index.d.ts'
[23:15:28.180] Adding entry into typings cache: 'sax' => '/home/zsucrilhos/.cache/typescript/4.1/node_modules/@types/sax/index.d.ts'
[23:15:28.180] Adding entry into typings cache: 'scheduler' => '/home/zsucrilhos/.cache/typescript/4.1/node_modules/@types/scheduler/index.d.ts'
[23:15:28.181] Adding entry into typings cache: 'semver' => '/home/zsucrilhos/.cache/typescript/4.1/node_modules/@types/semver/index.d.ts'
[23:15:28.182] Adding entry into typings cache: 'send' => '/home/zsucrilhos/.cache/typescript/4.1/node_modules/@types/send/index.d.ts'
[23:15:28.183] Adding entry into typings cache: 'serialize-javascript' => '/home/zsucrilhos/.cache/typescript/4.1/node_modules/@types/serialize-javascript/index.d.ts'
[23:15:28.184] Adding entry into typings cache: 'serve-index' => '/home/zsucrilhos/.cache/typescript/4.1/node_modules/@types/serve-index/index.d.ts'
[23:15:28.185] Adding entry into typings cache: 'serve-static' => '/home/zsucrilhos/.cache/typescript/4.1/node_modules/@types/serve-static/index.d.ts'
[23:15:28.186] Adding entry into typings cache: 'set-value' => '/home/zsucrilhos/.cache/typescript/4.1/node_modules/@types/set-value/index.d.ts'
[23:15:28.187] Adding entry into typings cache: 'setimmediate' => '/home/zsucrilhos/.cache/typescript/4.1/node_modules/@types/setimmediate/index.d.ts'
[23:15:28.188] Adding entry into typings cache: 'sha.js' => '/home/zsucrilhos/.cache/typescript/4.1/node_modules/@types/sha.js/index.d.ts'
[23:15:28.191] Adding entry into typings cache: 'shallowequal' => '/home/zsucrilhos/.cache/typescript/4.1/node_modules/@types/shallowequal/index.d.ts'
[23:15:28.192] Adding entry into typings cache: 'shebang-command' => '/home/zsucrilhos/.cache/typescript/4.1/node_modules/@types/shebang-command/index.d.ts'
[23:15:28.193] Adding entry into typings cache: 'shell-quote' => '/home/zsucrilhos/.cache/typescript/4.1/node_modules/@types/shell-quote/index.d.ts'
[23:15:28.194] Adding entry into typings cache: 'signal-exit' => '/home/zsucrilhos/.cache/typescript/4.1/node_modules/@types/signal-exit/index.d.ts'
[23:15:28.194] Adding entry into typings cache: 'slice-ansi' => '/home/zsucrilhos/.cache/typescript/4.1/node_modules/@types/slice-ansi/index.d.ts'
[23:15:28.195] Adding entry into typings cache: 'sockjs' => '/home/zsucrilhos/.cache/typescript/4.1/node_modules/@types/sockjs/index.d.ts'
[23:15:28.196] Adding entry into typings cache: 'sockjs-client' => '/home/zsucrilhos/.cache/typescript/4.1/node_modules/@types/sockjs-client/index.d.ts'
[23:15:28.197] Adding entry into typings cache: 'source-list-map' => '/home/zsucrilhos/.cache/typescript/4.1/node_modules/@types/source-list-map/index.d.ts'
[23:15:28.198] Adding entry into typings cache: 'source-map-support' => '/home/zsucrilhos/.cache/typescript/4.1/node_modules/@types/source-map-support/index.d.ts'
[23:15:28.199] Adding entry into typings cache: 'spdx-correct' => '/home/zsucrilhos/.cache/typescript/4.1/node_modules/@types/spdx-correct/index.d.ts'
[23:15:28.200] Adding entry into typings cache: 'spdx-expression-parse' => '/home/zsucrilhos/.cache/typescript/4.1/node_modules/@types/spdx-expression-parse/index.d.ts'
[23:15:28.200] Adding entry into typings cache: 'spdy' => '/home/zsucrilhos/.cache/typescript/4.1/node_modules/@types/spdy/index.d.ts'
[23:15:28.201] Adding entry into typings cache: 'sprintf' => '/home/zsucrilhos/.cache/typescript/4.1/node_modules/@types/sprintf/index.d.ts'
[23:15:28.202] Adding entry into typings cache: 'sprintf-js' => '/home/zsucrilhos/.cache/typescript/4.1/node_modules/@types/sprintf-js/index.d.ts'
[23:15:28.203] Adding entry into typings cache: 'sshpk' => '/home/zsucrilhos/.cache/typescript/4.1/node_modules/@types/sshpk/index.d.ts'
[23:15:28.203] Adding entry into typings cache: 'ssri' => '/home/zsucrilhos/.cache/typescript/4.1/node_modules/@types/ssri/index.d.ts'
[23:15:28.204] Adding entry into typings cache: 'stack-utils' => '/home/zsucrilhos/.cache/typescript/4.1/node_modules/@types/stack-utils/index.d.ts'
[23:15:28.205] Adding entry into typings cache: 'statuses' => '/home/zsucrilhos/.cache/typescript/4.1/node_modules/@types/statuses/index.d.ts'
[23:15:28.206] Adding entry into typings cache: 'stream-each' => '/home/zsucrilhos/.cache/typescript/4.1/node_modules/@types/stream-each/index.d.ts'
[23:15:28.206] Adding entry into typings cache: 'stream-shift' => '/home/zsucrilhos/.cache/typescript/4.1/node_modules/@types/stream-shift/index.d.ts'
[23:15:28.207] Adding entry into typings cache: 'strict-uri-encode' => '/home/zsucrilhos/.cache/typescript/4.1/node_modules/@types/strict-uri-encode/index.d.ts'
[23:15:28.208] Adding entry into typings cache: 'string-natural-compare' => '/home/zsucrilhos/.cache/typescript/4.1/node_modules/@types/string-natural-compare/index.d.ts'
[23:15:28.208] Adding entry into typings cache: 'string.prototype.matchall' => '/home/zsucrilhos/.cache/typescript/4.1/node_modules/@types/string.prototype.matchall/index.d.ts'
[23:15:28.209] Adding entry into typings cache: 'stringify-object' => '/home/zsucrilhos/.cache/typescript/4.1/node_modules/@types/stringify-object/index.d.ts'
[23:15:28.210] Adding entry into typings cache: 'strip-comments' => '/home/zsucrilhos/.cache/typescript/4.1/node_modules/@types/strip-comments/index.d.ts'
[23:15:28.210] Adding entry into typings cache: 'styled-components' => '/home/zsucrilhos/.cache/typescript/4.1/node_modules/@types/styled-components/index.d.ts'
[23:15:28.212] Adding entry into typings cache: 'supports-color' => '/home/zsucrilhos/.cache/typescript/4.1/node_modules/@types/supports-color/index.d.ts'
[23:15:28.213] Adding entry into typings cache: 'svg-parser' => '/home/zsucrilhos/.cache/typescript/4.1/node_modules/@types/svg-parser/index.d.ts'
[23:15:28.214] Adding entry into typings cache: 'svgo' => '/home/zsucrilhos/.cache/typescript/4.1/node_modules/@types/svgo/index.d.ts'
[23:15:28.214] Adding entry into typings cache: 'symbol-tree' => '/home/zsucrilhos/.cache/typescript/4.1/node_modules/@types/symbol-tree/index.d.ts'
[23:15:28.215] Adding entry into typings cache: 'table' => '/home/zsucrilhos/.cache/typescript/4.1/node_modules/@types/table/index.d.ts'
[23:15:28.216] Adding entry into typings cache: 'tapable' => '/home/zsucrilhos/.cache/typescript/4.1/node_modules/tapable/tapable.d.ts'
[23:15:28.216] Adding entry into typings cache: 'tar' => '/home/zsucrilhos/.cache/typescript/4.1/node_modules/@types/tar/index.d.ts'
[23:15:28.218] Adding entry into typings cache: 'terser-webpack-plugin' => '/home/zsucrilhos/.cache/typescript/4.1/node_modules/@types/terser-webpack-plugin/index.d.ts'
[23:15:28.219] Adding entry into typings cache: 'testing-library__jest-dom' => '/home/zsucrilhos/.cache/typescript/4.1/node_modules/@types/testing-library__jest-dom/index.d.ts'
[23:15:28.220] Adding entry into typings cache: 'text-table' => '/home/zsucrilhos/.cache/typescript/4.1/node_modules/@types/text-table/index.d.ts'
[23:15:28.221] Adding entry into typings cache: 'through' => '/home/zsucrilhos/.cache/typescript/4.1/node_modules/@types/through/index.d.ts'
[23:15:28.223] Adding entry into typings cache: 'through2' => '/home/zsucrilhos/.cache/typescript/4.1/node_modules/@types/through2/index.d.ts'
[23:15:28.224] Adding entry into typings cache: 'timsort' => '/home/zsucrilhos/.cache/typescript/4.1/node_modules/@types/timsort/index.d.ts'
[23:15:28.225] Adding entry into typings cache: 'tmp' => '/home/zsucrilhos/.cache/typescript/4.1/node_modules/@types/tmp/index.d.ts'
[23:15:28.226] Adding entry into typings cache: 'tough-cookie' => '/home/zsucrilhos/.cache/typescript/4.1/node_modules/@types/tough-cookie/index.d.ts'
[23:15:28.226] Adding entry into typings cache: 'tryer' => '/home/zsucrilhos/.cache/typescript/4.1/node_modules/@types/tryer/index.d.ts'
[23:15:28.228] Adding entry into typings cache: 'type-check' => '/home/zsucrilhos/.cache/typescript/4.1/node_modules/@types/type-check/index.d.ts'
[23:15:28.228] Adding entry into typings cache: 'type-detect' => '/home/zsucrilhos/.cache/typescript/4.1/node_modules/@types/type-detect/index.d.ts'
[23:15:28.229] Adding entry into typings cache: 'type-is' => '/home/zsucrilhos/.cache/typescript/4.1/node_modules/@types/type-is/index.d.ts'
[23:15:28.230] Adding entry into typings cache: 'uniq' => '/home/zsucrilhos/.cache/typescript/4.1/node_modules/@types/uniq/index.d.ts'
[23:15:28.231] Adding entry into typings cache: 'unist' => '/home/zsucrilhos/.cache/typescript/4.1/node_modules/@types/unist/index.d.ts'
[23:15:28.232] Adding entry into typings cache: 'universalify' => '/home/zsucrilhos/.cache/typescript/4.1/node_modules/@types/universalify/index.d.ts'
[23:15:28.234] Adding entry into typings cache: 'urix' => '/home/zsucrilhos/.cache/typescript/4.1/node_modules/@types/urix/index.d.ts'
[23:15:28.234] Adding entry into typings cache: 'url-parse' => '/home/zsucrilhos/.cache/typescript/4.1/node_modules/@types/url-parse/index.d.ts'
[23:15:28.236] Adding entry into typings cache: 'util-deprecate' => '/home/zsucrilhos/.cache/typescript/4.1/node_modules/@types/util-deprecate/index.d.ts'
[23:15:28.237] Adding entry into typings cache: 'util.promisify' => '/home/zsucrilhos/.cache/typescript/4.1/node_modules/@types/util.promisify/index.d.ts'
[23:15:28.238] Adding entry into typings cache: 'utils-merge' => '/home/zsucrilhos/.cache/typescript/4.1/node_modules/@types/utils-merge/index.d.ts'
[23:15:28.239] Adding entry into typings cache: 'uuid' => '/home/zsucrilhos/.cache/typescript/4.1/node_modules/@types/uuid/index.d.ts'
[23:15:28.239] Adding entry into typings cache: 'validate-npm-package-license' => '/home/zsucrilhos/.cache/typescript/4.1/node_modules/@types/validate-npm-package-license/index.d.ts'
[23:15:28.240] Adding entry into typings cache: 'vary' => '/home/zsucrilhos/.cache/typescript/4.1/node_modules/@types/vary/index.d.ts'
[23:15:28.240] Adding entry into typings cache: 'verror' => '/home/zsucrilhos/.cache/typescript/4.1/node_modules/@types/verror/index.d.ts'
[23:15:28.241] Adding entry into typings cache: 'w3c-xmlserializer' => '/home/zsucrilhos/.cache/typescript/4.1/node_modules/@types/w3c-xmlserializer/index.d.ts'
[23:15:28.242] Adding entry into typings cache: 'warning' => '/home/zsucrilhos/.cache/typescript/4.1/node_modules/@types/warning/index.d.ts'
[23:15:28.244] Adding entry into typings cache: 'watchpack' => '/home/zsucrilhos/.cache/typescript/4.1/node_modules/@types/watchpack/index.d.ts'
[23:15:28.244] Adding entry into typings cache: 'webidl-conversions' => '/home/zsucrilhos/.cache/typescript/4.1/node_modules/@types/webidl-conversions/index.d.ts'
[23:15:28.246] Adding entry into typings cache: 'webpack' => '/home/zsucrilhos/.cache/typescript/4.1/node_modules/webpack/types.d.ts'
[23:15:28.248] Adding entry into typings cache: 'webpack-dev-middleware' => '/home/zsucrilhos/.cache/typescript/4.1/node_modules/@types/webpack-dev-middleware/index.d.ts'
[23:15:28.250] Adding entry into typings cache: 'webpack-dev-server' => '/home/zsucrilhos/.cache/typescript/4.1/node_modules/@types/webpack-dev-server/index.d.ts'
[23:15:28.251] Adding entry into typings cache: 'webpack-manifest-plugin' => '/home/zsucrilhos/.cache/typescript/4.1/node_modules/@types/webpack-manifest-plugin/index.d.ts'
[23:15:28.253] Adding entry into typings cache: 'webpack-sources' => '/home/zsucrilhos/.cache/typescript/4.1/node_modules/@types/webpack-sources/index.d.ts'
[23:15:28.254] Adding entry into typings cache: 'whatwg-encoding' => '/home/zsucrilhos/.cache/typescript/4.1/node_modules/@types/whatwg-encoding/index.d.ts'
[23:15:28.255] Adding entry into typings cache: 'whatwg-mimetype' => '/home/zsucrilhos/.cache/typescript/4.1/node_modules/@types/whatwg-mimetype/index.d.ts'
[23:15:28.261] Adding entry into typings cache: 'whatwg-url' => '/home/zsucrilhos/.cache/typescript/4.1/node_modules/@types/whatwg-url/index.d.ts'
[23:15:28.263] Adding entry into typings cache: 'which' => '/home/zsucrilhos/.cache/typescript/4.1/node_modules/@types/which/index.d.ts'
[23:15:28.264] Adding entry into typings cache: 'workbox-build' => '/home/zsucrilhos/.cache/typescript/4.1/node_modules/@types/workbox-build/index.d.ts'
[23:15:28.267] Adding entry into typings cache: 'workbox-sw' => '/home/zsucrilhos/.cache/typescript/4.1/node_modules/@types/workbox-sw/index.d.ts'
[23:15:28.268] Adding entry into typings cache: 'workbox-webpack-plugin' => '/home/zsucrilhos/.cache/typescript/4.1/node_modules/@types/workbox-webpack-plugin/index.d.ts'
[23:15:28.269] Adding entry into typings cache: 'wrap-ansi' => '/home/zsucrilhos/.cache/typescript/4.1/node_modules/@types/wrap-ansi/index.d.ts'
[23:15:28.270] Adding entry into typings cache: 'write' => '/home/zsucrilhos/.cache/typescript/4.1/node_modules/@types/write/index.d.ts'
[23:15:28.271] Adding entry into typings cache: 'write-file-atomic' => '/home/zsucrilhos/.cache/typescript/4.1/node_modules/@types/write-file-atomic/index.d.ts'
[23:15:28.272] Adding entry into typings cache: 'ws' => '/home/zsucrilhos/.cache/typescript/4.1/node_modules/@types/ws/index.d.ts'
[23:15:28.273] Adding entry into typings cache: 'xtend' => '/home/zsucrilhos/.cache/typescript/4.1/node_modules/@types/xtend/index.d.ts'
[23:15:28.274] Adding entry into typings cache: 'y18n' => '/home/zsucrilhos/.cache/typescript/4.1/node_modules/@types/y18n/index.d.ts'
[23:15:28.275] Adding entry into typings cache: 'yallist' => '/home/zsucrilhos/.cache/typescript/4.1/node_modules/@types/yallist/index.d.ts'
[23:15:28.276] Adding entry into typings cache: 'yargs' => '/home/zsucrilhos/.cache/typescript/4.1/node_modules/@types/yargs/index.d.ts'
[23:15:28.277] Adding entry into typings cache: 'yargs-parser' => '/home/zsucrilhos/.cache/typescript/4.1/node_modules/@types/yargs-parser/index.d.ts'
[23:15:28.277] Finished processing cache location '/home/zsucrilhos/.cache/typescript/4.1'
[23:15:28.277] Process id: 16719
[23:15:28.277] NPM location: /home/zsucrilhos/.nvm/versions/node/v12.6.0/bin/npm (explicit '--npmLocation' not  provided)
[23:15:28.277] validateDefaultNpmLocation: false
[23:15:28.277] Npm config file: /home/zsucrilhos/.cache/typescript/4.1/package.json
[23:15:28.277] Updating types-registry npm package...
[23:15:28.278] Exec: /home/zsucrilhos/.nvm/versions/node/v12.6.0/bin/npm install --ignore-scripts types-registry@latest
[23:15:33.612]     Succeeded. stdout:
    + types-registry@0.1.524
    updated 1 package and audited 749 packages in 4.234s

18 packages are looking for funding
  run `npm fund` for details

found 0 vulnerabilities


[23:15:33.612] Updated types-registry npm package
