Info 0    [23:15:27.344] Starting TS Server
Info 1    [23:15:27.345] Version: 4.1.3
Info 2    [23:15:27.345] Arguments: /home/zsucrilhos/.nvm/versions/node/v12.6.0/bin/node /home/zsucrilhos/Projects/mms/mms-frontend/node_modules/.bin/tsserver --logFile /home/zsucrilhos/Projects/mms/mms-frontend/.log/tsserver.log --logVerbosity info --cancellationPipeName /tmp/83ee11ac1c45ac4acedb6f19b25721cb/tscancellation*
Info 3    [23:15:27.345] Platform: linux NodeVersion: 12 CaseSensitive: true
Info 4    [23:15:27.345] ServerMode: undefined syntaxOnly: false hasUnknownServerMode: undefined
Info 5    [23:15:27.373] Search path: /home/zsucrilhos/Projects/mms/mms-frontend/src/Pages/Vehicles
Info 6    [23:15:27.375] For info: /home/zsucrilhos/Projects/mms/mms-frontend/src/Pages/Vehicles/VehicleDetails.tsx :: Config file name: /home/zsucrilhos/Projects/mms/mms-frontend/tsconfig.json
Info 7    [23:15:27.375] Opened configuration file /home/zsucrilhos/Projects/mms/mms-frontend/tsconfig.json
Info 8    [23:15:27.414] Config: /home/zsucrilhos/Projects/mms/mms-frontend/tsconfig.json : {
 "rootNames": [
  "/home/zsucrilhos/Projects/mms/mms-frontend/src/App.tsx",
  "/home/zsucrilhos/Projects/mms/mms-frontend/src/index.tsx",
  "/home/zsucrilhos/Projects/mms/mms-frontend/src/react-app-env.d.ts",
  "/home/zsucrilhos/Projects/mms/mms-frontend/src/setupTests.ts",
  "/home/zsucrilhos/Projects/mms/mms-frontend/src/Components/InputMask.tsx",
  "/home/zsucrilhos/Projects/mms/mms-frontend/src/Components/ListItemLink.tsx",
  "/home/zsucrilhos/Projects/mms/mms-frontend/src/Components/Navigation.tsx",
  "/home/zsucrilhos/Projects/mms/mms-frontend/src/Components/listItems.tsx",
  "/home/zsucrilhos/Projects/mms/mms-frontend/src/Config/api.ts",
  "/home/zsucrilhos/Projects/mms/mms-frontend/src/Contracts/Enums.ts",
  "/home/zsucrilhos/Projects/mms/mms-frontend/src/Contracts/Models/Company.ts",
  "/home/zsucrilhos/Projects/mms/mms-frontend/src/Contracts/Models/Metadata.ts",
  "/home/zsucrilhos/Projects/mms/mms-frontend/src/Contracts/Models/PaletteColor.ts",
  "/home/zsucrilhos/Projects/mms/mms-frontend/src/Contracts/Models/User.ts",
  "/home/zsucrilhos/Projects/mms/mms-frontend/src/Contracts/Models/Vehicle.ts",
  "/home/zsucrilhos/Projects/mms/mms-frontend/src/Pages/Login.tsx",
  "/home/zsucrilhos/Projects/mms/mms-frontend/src/Pages/Clients/index.tsx",
  "/home/zsucrilhos/Projects/mms/mms-frontend/src/Pages/Company/index.tsx",
  "/home/zsucrilhos/Projects/mms/mms-frontend/src/Pages/Estatistics/index.tsx",
  "/home/zsucrilhos/Projects/mms/mms-frontend/src/Pages/Orders/index.tsx",
  "/home/zsucrilhos/Projects/mms/mms-frontend/src/Pages/Pieces/index.tsx",
  "/home/zsucrilhos/Projects/mms/mms-frontend/src/Pages/Vehicles/VehicleDetails.tsx",
  "/home/zsucrilhos/Projects/mms/mms-frontend/src/Pages/Vehicles/VehicleEdit.tsx",
  "/home/zsucrilhos/Projects/mms/mms-frontend/src/Pages/Vehicles/index.tsx",
  "/home/zsucrilhos/Projects/mms/mms-frontend/src/Routes/Route.tsx",
  "/home/zsucrilhos/Projects/mms/mms-frontend/src/Routes/index.tsx",
  "/home/zsucrilhos/Projects/mms/mms-frontend/src/Styles/GlobalAppTheme.tsx",
  "/home/zsucrilhos/Projects/mms/mms-frontend/src/Util/formatLicensePlate.ts",
  "/home/zsucrilhos/Projects/mms/mms-frontend/src/context/UserData.tsx",
  "/home/zsucrilhos/Projects/mms/mms-frontend/src/services/AuthService.ts",
  "/home/zsucrilhos/Projects/mms/mms-frontend/src/services/CompanyService.ts",
  "/home/zsucrilhos/Projects/mms/mms-frontend/src/services/UserService.ts",
  "/home/zsucrilhos/Projects/mms/mms-frontend/src/services/VehicleService.ts"
 ],
 "options": {
  "target": 1,
  "lib": [
   "lib.dom.d.ts",
   "lib.dom.iterable.d.ts",
   "lib.esnext.d.ts"
  ],
  "allowJs": true,
  "skipLibCheck": true,
  "esModuleInterop": true,
  "allowSyntheticDefaultImports": true,
  "strict": true,
  "forceConsistentCasingInFileNames": true,
  "noFallthroughCasesInSwitch": true,
  "module": 99,
  "moduleResolution": 2,
  "resolveJsonModule": true,
  "isolatedModules": true,
  "noEmit": true,
  "jsx": 4,
  "configFilePath": "/home/zsucrilhos/Projects/mms/mms-frontend/tsconfig.json"
 }
}
Info 9    [23:15:27.522] Starting updateGraphWorker: Project: /home/zsucrilhos/Projects/mms/mms-frontend/tsconfig.json
Info 10   [23:15:43.594] Finishing updateGraphWorker: Project: /home/zsucrilhos/Projects/mms/mms-frontend/tsconfig.json Version: 1 structureChanged: true Elapsed: 16071.51071000006ms
Info 11   [23:15:43.595] Project '/home/zsucrilhos/Projects/mms/mms-frontend/tsconfig.json' (Configured)
Info 12   [23:15:43.595] 	Files (599)

Info 13   [23:15:43.595] -----------------------------------------------
Info 14   [23:15:44.150] Starting updateGraphWorker: Project: /dev/null/autoImportProviderProject1*
Info 15   [23:15:45.782] Finishing updateGraphWorker: Project: /dev/null/autoImportProviderProject1* Version: 1 structureChanged: true Elapsed: 1631.6509410000872ms
Info 16   [23:15:45.782] Project '/dev/null/autoImportProviderProject1*' (AutoImportProvider)
Info 17   [23:15:45.782] 	Files (35)

Info 18   [23:15:45.782] -----------------------------------------------
Info 19   [23:17:44.432] Starting updateGraphWorker: Project: /home/zsucrilhos/Projects/mms/mms-frontend/tsconfig.json
Info 20   [23:17:44.510] Finishing updateGraphWorker: Project: /home/zsucrilhos/Projects/mms/mms-frontend/tsconfig.json Version: 2 structureChanged: false Elapsed: 77.98503299988806ms
Info 21   [23:17:44.510] Different program with same set of files:: structureIsReused:: 2
Info 22   [23:17:45.105] Starting updateGraphWorker: Project: /home/zsucrilhos/Projects/mms/mms-frontend/tsconfig.json
Info 23   [23:17:45.177] Finishing updateGraphWorker: Project: /home/zsucrilhos/Projects/mms/mms-frontend/tsconfig.json Version: 3 structureChanged: false Elapsed: 71.71345599996857ms
Info 24   [23:17:45.177] Different program with same set of files:: structureIsReused:: 2
Info 25   [23:17:47.426] Starting updateGraphWorker: Project: /home/zsucrilhos/Projects/mms/mms-frontend/tsconfig.json
Info 26   [23:17:47.473] Finishing updateGraphWorker: Project: /home/zsucrilhos/Projects/mms/mms-frontend/tsconfig.json Version: 4 structureChanged: false Elapsed: 47.48066600016318ms
Info 27   [23:17:47.473] Different program with same set of files:: structureIsReused:: 2
Info 28   [23:17:47.474] Starting updateGraphWorker: Project: /home/zsucrilhos/Projects/mms/mms-frontend/tsconfig.json
Info 29   [23:17:47.521] Finishing updateGraphWorker: Project: /home/zsucrilhos/Projects/mms/mms-frontend/tsconfig.json Version: 5 structureChanged: false Elapsed: 46.39019399997778ms
Info 30   [23:17:47.521] Different program with same set of files:: structureIsReused:: 2
Info 31   [23:17:47.797] Starting updateGraphWorker: Project: /home/zsucrilhos/Projects/mms/mms-frontend/tsconfig.json
Info 32   [23:17:47.835] Finishing updateGraphWorker: Project: /home/zsucrilhos/Projects/mms/mms-frontend/tsconfig.json Version: 6 structureChanged: false Elapsed: 38.2353919998277ms
Info 33   [23:17:47.835] Different program with same set of files:: structureIsReused:: 2
Info 34   [23:17:49.936] Starting updateGraphWorker: Project: /home/zsucrilhos/Projects/mms/mms-frontend/tsconfig.json
Info 35   [23:17:49.976] Finishing updateGraphWorker: Project: /home/zsucrilhos/Projects/mms/mms-frontend/tsconfig.json Version: 7 structureChanged: false Elapsed: 39.605526000028476ms
Info 36   [23:17:49.976] Different program with same set of files:: structureIsReused:: 2
Info 37   [23:17:49.978] getCompletionData: Get current token: 0.04058100003749132
Info 38   [23:17:49.978] getCompletionData: Is inside comment: 0.10978799988515675
Info 39   [23:17:49.979] getCompletionData: Get previous token 1: 0.07530499994754791
Info 40   [23:17:49.979] getCompletionsAtPosition: isCompletionListBlocker: 0.2702310001477599
Info 41   [23:17:49.996] getCompletionData: Semantic work: 17.12055899994448
Info 42   [23:17:50.006] getCompletionsAtPosition: getCompletionEntriesFromSymbols: 2.960693000117317
Info 43   [23:17:53.185] Starting updateGraphWorker: Project: /home/zsucrilhos/Projects/mms/mms-frontend/tsconfig.json
Info 44   [23:17:53.239] Finishing updateGraphWorker: Project: /home/zsucrilhos/Projects/mms/mms-frontend/tsconfig.json Version: 8 structureChanged: false Elapsed: 53.306673999875784ms
Info 45   [23:17:53.239] Different program with same set of files:: structureIsReused:: 2
Info 46   [23:17:56.083] Starting updateGraphWorker: Project: /home/zsucrilhos/Projects/mms/mms-frontend/tsconfig.json
Info 47   [23:17:56.119] Finishing updateGraphWorker: Project: /home/zsucrilhos/Projects/mms/mms-frontend/tsconfig.json Version: 9 structureChanged: false Elapsed: 35.91252700006589ms
Info 48   [23:17:56.119] Different program with same set of files:: structureIsReused:: 2
Info 49   [23:17:58.956] Starting updateGraphWorker: Project: /home/zsucrilhos/Projects/mms/mms-frontend/tsconfig.json
Info 50   [23:17:58.990] Finishing updateGraphWorker: Project: /home/zsucrilhos/Projects/mms/mms-frontend/tsconfig.json Version: 10 structureChanged: false Elapsed: 34.01927600009367ms
Info 51   [23:17:58.990] Different program with same set of files:: structureIsReused:: 2
Info 52   [23:18:01.849] Starting updateGraphWorker: Project: /home/zsucrilhos/Projects/mms/mms-frontend/tsconfig.json
Info 53   [23:18:01.880] Finishing updateGraphWorker: Project: /home/zsucrilhos/Projects/mms/mms-frontend/tsconfig.json Version: 11 structureChanged: false Elapsed: 31.495100000174716ms
Info 54   [23:18:01.880] Different program with same set of files:: structureIsReused:: 2
Info 55   [23:18:08.357] Starting updateGraphWorker: Project: /home/zsucrilhos/Projects/mms/mms-frontend/tsconfig.json
Info 56   [23:18:08.418] Finishing updateGraphWorker: Project: /home/zsucrilhos/Projects/mms/mms-frontend/tsconfig.json Version: 12 structureChanged: false Elapsed: 61.16522799991071ms
Info 57   [23:18:08.419] Different program with same set of files:: structureIsReused:: 2
Info 58   [23:18:08.420] getCompletionData: Get current token: 0.08769099996425211
Info 59   [23:18:08.420] getCompletionData: Is inside comment: 0.01723300013691187
Info 60   [23:18:08.421] getCompletionData: Get previous token 1: 0.11529600014910102
Info 61   [23:18:08.421] getCompletionsAtPosition: isCompletionListBlocker: 0.017099000047892332
Info 62   [23:18:08.448] getCompletionData: Semantic work: 27.471366999903694
Info 63   [23:18:13.312] Starting updateGraphWorker: Project: /home/zsucrilhos/Projects/mms/mms-frontend/tsconfig.json
Info 64   [23:18:13.356] Finishing updateGraphWorker: Project: /home/zsucrilhos/Projects/mms/mms-frontend/tsconfig.json Version: 13 structureChanged: false Elapsed: 43.9744490000885ms
Info 65   [23:18:13.356] Different program with same set of files:: structureIsReused:: 2
Info 66   [23:18:16.078] Starting updateGraphWorker: Project: /home/zsucrilhos/Projects/mms/mms-frontend/tsconfig.json
Info 67   [23:18:16.107] Finishing updateGraphWorker: Project: /home/zsucrilhos/Projects/mms/mms-frontend/tsconfig.json Version: 14 structureChanged: false Elapsed: 28.949575999984518ms
Info 68   [23:18:16.107] Different program with same set of files:: structureIsReused:: 2
Info 69   [23:18:39.832] Starting updateGraphWorker: Project: /home/zsucrilhos/Projects/mms/mms-frontend/tsconfig.json
Info 70   [23:18:39.913] Finishing updateGraphWorker: Project: /home/zsucrilhos/Projects/mms/mms-frontend/tsconfig.json Version: 15 structureChanged: false Elapsed: 81.40946300001815ms
Info 71   [23:18:39.913] Different program with same set of files:: structureIsReused:: 2
Info 72   [23:19:32.882] Starting updateGraphWorker: Project: /home/zsucrilhos/Projects/mms/mms-frontend/tsconfig.json
Info 73   [23:19:33.138] Finishing updateGraphWorker: Project: /home/zsucrilhos/Projects/mms/mms-frontend/tsconfig.json Version: 16 structureChanged: true Elapsed: 255.8517920000013ms
Info 74   [23:19:33.138] Different program with same set of files:: structureIsReused:: 1
Info 75   [23:19:37.925] Starting updateGraphWorker: Project: /home/zsucrilhos/Projects/mms/mms-frontend/tsconfig.json
Info 76   [23:19:38.099] Finishing updateGraphWorker: Project: /home/zsucrilhos/Projects/mms/mms-frontend/tsconfig.json Version: 17 structureChanged: true Elapsed: 174.29525600001216ms
Info 77   [23:19:38.099] Different program with same set of files:: structureIsReused:: 1
